2013-06-24 22:31:21,096 [DEBUG] env.StandardEnvironment - Initializing new StandardEnvironment
2013-06-24 22:31:21,107 [DEBUG] env.StandardEnvironment - Adding [systemProperties] PropertySource with lowest search precedence
2013-06-24 22:31:21,108 [DEBUG] env.StandardEnvironment - Adding [systemEnvironment] PropertySource with lowest search precedence
2013-06-24 22:31:21,109 [DEBUG] env.StandardEnvironment - Initialized StandardEnvironment with PropertySources [systemProperties,systemEnvironment]
2013-06-24 22:31:21,137 [INFO ] support.ClassPathXmlApplicationContext - Refreshing org.springframework.context.support.ClassPathXmlApplicationContext@1355b88b: startup date [Mon Jun 24 22:31:21 COT 2013]; root of context hierarchy
2013-06-24 22:31:21,256 [DEBUG] env.StandardEnvironment - Initializing new StandardEnvironment
2013-06-24 22:31:21,257 [DEBUG] env.StandardEnvironment - Adding [systemProperties] PropertySource with lowest search precedence
2013-06-24 22:31:21,257 [DEBUG] env.StandardEnvironment - Adding [systemEnvironment] PropertySource with lowest search precedence
2013-06-24 22:31:21,258 [DEBUG] env.StandardEnvironment - Initialized StandardEnvironment with PropertySources [systemProperties,systemEnvironment]
2013-06-24 22:31:21,260 [DEBUG] env.StandardEnvironment - Initializing new StandardEnvironment
2013-06-24 22:31:21,261 [DEBUG] env.StandardEnvironment - Adding [systemProperties] PropertySource with lowest search precedence
2013-06-24 22:31:21,261 [DEBUG] env.StandardEnvironment - Adding [systemEnvironment] PropertySource with lowest search precedence
2013-06-24 22:31:21,262 [DEBUG] env.StandardEnvironment - Initialized StandardEnvironment with PropertySources [systemProperties,systemEnvironment]
2013-06-24 22:31:21,290 [INFO ] xml.XmlBeanDefinitionReader - Loading XML bean definitions from class path resource [META-INF/applicationContext.xml]
2013-06-24 22:31:21,336 [DEBUG] xml.DefaultDocumentLoader - Using JAXP provider [com.sun.org.apache.xerces.internal.jaxp.DocumentBuilderFactoryImpl]
2013-06-24 22:31:21,457 [DEBUG] xml.PluggableSchemaResolver - Loading schema mappings from [META-INF/spring.schemas]
2013-06-24 22:31:21,471 [DEBUG] xml.PluggableSchemaResolver - Loaded schema mappings: {http://www.springframework.org/schema/util/spring-util.xsd=org/springframework/beans/factory/xml/spring-util-3.1.xsd, http://www.springframework.org/schema/beans/spring-beans-3.1.xsd=org/springframework/beans/factory/xml/spring-beans-3.1.xsd, http://www.springframework.org/schema/task/spring-task.xsd=org/springframework/scheduling/config/spring-task-3.1.xsd, http://www.springframework.org/schema/cache/spring-cache.xsd=org/springframework/cache/config/spring-cache-3.1.xsd, http://www.springframework.org/schema/aop/spring-aop-3.0.xsd=org/springframework/aop/config/spring-aop-3.0.xsd, http://www.springframework.org/schema/task/spring-task-3.1.xsd=org/springframework/scheduling/config/spring-task-3.1.xsd, http://www.springframework.org/schema/aop/spring-aop-2.0.xsd=org/springframework/aop/config/spring-aop-2.0.xsd, http://www.springframework.org/schema/tool/spring-tool-2.5.xsd=org/springframework/beans/factory/xml/spring-tool-2.5.xsd, http://www.springframework.org/schema/beans/spring-beans.xsd=org/springframework/beans/factory/xml/spring-beans-3.1.xsd, http://www.springframework.org/schema/jee/spring-jee-2.5.xsd=org/springframework/ejb/config/spring-jee-2.5.xsd, http://www.springframework.org/schema/tool/spring-tool-3.1.xsd=org/springframework/beans/factory/xml/spring-tool-3.1.xsd, http://www.springframework.org/schema/jee/spring-jee-3.1.xsd=org/springframework/ejb/config/spring-jee-3.1.xsd, http://www.springframework.org/schema/aop/spring-aop.xsd=org/springframework/aop/config/spring-aop-3.1.xsd, http://www.springframework.org/schema/beans/spring-beans-2.0.xsd=org/springframework/beans/factory/xml/spring-beans-2.0.xsd, http://www.springframework.org/schema/beans/spring-beans-3.0.xsd=org/springframework/beans/factory/xml/spring-beans-3.0.xsd, http://www.springframework.org/schema/task/spring-task-3.0.xsd=org/springframework/scheduling/config/spring-task-3.0.xsd, http://www.springframework.org/schema/context/spring-context-2.5.xsd=org/springframework/context/config/spring-context-2.5.xsd, http://www.springframework.org/schema/tool/spring-tool-3.0.xsd=org/springframework/beans/factory/xml/spring-tool-3.0.xsd, http://www.springframework.org/schema/util/spring-util-2.5.xsd=org/springframework/beans/factory/xml/spring-util-2.5.xsd, http://www.springframework.org/schema/tool/spring-tool-2.0.xsd=org/springframework/beans/factory/xml/spring-tool-2.0.xsd, http://www.springframework.org/schema/lang/spring-lang.xsd=org/springframework/scripting/config/spring-lang-3.1.xsd, http://www.springframework.org/schema/lang/spring-lang-2.5.xsd=org/springframework/scripting/config/spring-lang-2.5.xsd, http://www.springframework.org/schema/jee/spring-jee-3.0.xsd=org/springframework/ejb/config/spring-jee-3.0.xsd, http://www.springframework.org/schema/jee/spring-jee-2.0.xsd=org/springframework/ejb/config/spring-jee-2.0.xsd, http://www.springframework.org/schema/context/spring-context-3.1.xsd=org/springframework/context/config/spring-context-3.1.xsd, http://www.springframework.org/schema/util/spring-util-3.1.xsd=org/springframework/beans/factory/xml/spring-util-3.1.xsd, http://www.springframework.org/schema/lang/spring-lang-3.1.xsd=org/springframework/scripting/config/spring-lang-3.1.xsd, http://www.springframework.org/schema/cache/spring-cache-3.1.xsd=org/springframework/cache/config/spring-cache-3.1.xsd, http://www.springframework.org/schema/context/spring-context.xsd=org/springframework/context/config/spring-context-3.1.xsd, http://www.springframework.org/schema/jee/spring-jee.xsd=org/springframework/ejb/config/spring-jee-3.1.xsd, http://www.springframework.org/schema/aop/spring-aop-2.5.xsd=org/springframework/aop/config/spring-aop-2.5.xsd, http://www.springframework.org/schema/aop/spring-aop-3.1.xsd=org/springframework/aop/config/spring-aop-3.1.xsd, http://www.springframework.org/schema/context/spring-context-3.0.xsd=org/springframework/context/config/spring-context-3.0.xsd, http://www.springframework.org/schema/tool/spring-tool.xsd=org/springframework/beans/factory/xml/spring-tool-3.1.xsd, http://www.springframework.org/schema/util/spring-util-3.0.xsd=org/springframework/beans/factory/xml/spring-util-3.0.xsd, http://www.springframework.org/schema/lang/spring-lang-3.0.xsd=org/springframework/scripting/config/spring-lang-3.0.xsd, http://www.springframework.org/schema/util/spring-util-2.0.xsd=org/springframework/beans/factory/xml/spring-util-2.0.xsd, http://www.springframework.org/schema/lang/spring-lang-2.0.xsd=org/springframework/scripting/config/spring-lang-2.0.xsd, http://www.springframework.org/schema/beans/spring-beans-2.5.xsd=org/springframework/beans/factory/xml/spring-beans-2.5.xsd}
2013-06-24 22:31:21,478 [DEBUG] xml.PluggableSchemaResolver - Found XML schema [http://www.springframework.org/schema/beans/spring-beans-3.0.xsd] in classpath: org/springframework/beans/factory/xml/spring-beans-3.0.xsd
2013-06-24 22:31:21,641 [DEBUG] xml.DefaultBeanDefinitionDocumentReader - Loading bean definitions
2013-06-24 22:31:21,690 [INFO ] xml.XmlBeanDefinitionReader - Loading XML bean definitions from class path resource [META-INF/spring-services.xml]
2013-06-24 22:31:21,693 [DEBUG] xml.DefaultDocumentLoader - Using JAXP provider [com.sun.org.apache.xerces.internal.jaxp.DocumentBuilderFactoryImpl]
2013-06-24 22:31:21,698 [DEBUG] xml.PluggableSchemaResolver - Found XML schema [http://www.springframework.org/schema/beans/spring-beans-3.0.xsd] in classpath: org/springframework/beans/factory/xml/spring-beans-3.0.xsd
2013-06-24 22:31:21,755 [DEBUG] xml.DefaultBeanDefinitionDocumentReader - Loading bean definitions
2013-06-24 22:31:21,791 [DEBUG] xml.DefaultBeanDefinitionDocumentReader - Imported 1 bean definitions from relative location [spring-services.xml]
2013-06-24 22:31:21,794 [INFO ] xml.XmlBeanDefinitionReader - Loading XML bean definitions from class path resource [META-INF/spring-dao.xml]
2013-06-24 22:31:21,797 [DEBUG] xml.DefaultDocumentLoader - Using JAXP provider [com.sun.org.apache.xerces.internal.jaxp.DocumentBuilderFactoryImpl]
2013-06-24 22:31:21,801 [DEBUG] xml.PluggableSchemaResolver - Found XML schema [http://www.springframework.org/schema/beans/spring-beans-3.0.xsd] in classpath: org/springframework/beans/factory/xml/spring-beans-3.0.xsd
2013-06-24 22:31:21,897 [DEBUG] xml.DefaultBeanDefinitionDocumentReader - Loading bean definitions
2013-06-24 22:31:21,899 [DEBUG] xml.DefaultBeanDefinitionDocumentReader - Imported 1 bean definitions from relative location [spring-dao.xml]
2013-06-24 22:31:21,900 [DEBUG] xml.XmlBeanDefinitionReader - Loaded 2 bean definitions from location pattern [META-INF/applicationContext.xml]
2013-06-24 22:31:21,901 [DEBUG] support.ClassPathXmlApplicationContext - Bean factory for org.springframework.context.support.ClassPathXmlApplicationContext@1355b88b: org.springframework.beans.factory.support.DefaultListableBeanFactory@5bf7b707: defining beans [proveedorServices,proveedorDao]; root of factory hierarchy
2013-06-24 22:31:22,059 [DEBUG] support.ClassPathXmlApplicationContext - Unable to locate MessageSource with name 'messageSource': using default [org.springframework.context.support.DelegatingMessageSource@36150c02]
2013-06-24 22:31:22,064 [DEBUG] support.ClassPathXmlApplicationContext - Unable to locate ApplicationEventMulticaster with name 'applicationEventMulticaster': using default [org.springframework.context.event.SimpleApplicationEventMulticaster@19e8435f]
2013-06-24 22:31:22,066 [INFO ] support.DefaultListableBeanFactory - Pre-instantiating singletons in org.springframework.beans.factory.support.DefaultListableBeanFactory@5bf7b707: defining beans [proveedorServices,proveedorDao]; root of factory hierarchy
2013-06-24 22:31:22,067 [DEBUG] support.DefaultListableBeanFactory - Creating shared instance of singleton bean 'proveedorServices'
2013-06-24 22:31:22,068 [DEBUG] support.DefaultListableBeanFactory - Creating instance of bean 'proveedorServices'
2013-06-24 22:31:22,110 [DEBUG] support.DefaultListableBeanFactory - Eagerly caching bean 'proveedorServices' to allow for resolving potential circular references
2013-06-24 22:31:22,138 [DEBUG] support.DefaultListableBeanFactory - Creating shared instance of singleton bean 'proveedorDao'
2013-06-24 22:31:22,138 [DEBUG] support.DefaultListableBeanFactory - Creating instance of bean 'proveedorDao'
2013-06-24 22:31:22,139 [INFO ] util.JPAUtil - Creando EntityManagerFactory...
2013-06-24 22:31:23,057 [INFO ] util.JPAUtil - Creando EntityManager...
2013-06-24 22:31:24,574 [DEBUG] support.DefaultListableBeanFactory - Eagerly caching bean 'proveedorDao' to allow for resolving potential circular references
2013-06-24 22:31:24,576 [DEBUG] support.DefaultListableBeanFactory - Finished creating instance of bean 'proveedorDao'
2013-06-24 22:31:24,595 [DEBUG] support.DefaultListableBeanFactory - Finished creating instance of bean 'proveedorServices'
2013-06-24 22:31:24,596 [DEBUG] support.DefaultListableBeanFactory - Returning cached instance of singleton bean 'proveedorDao'
2013-06-24 22:31:24,597 [DEBUG] support.ClassPathXmlApplicationContext - Unable to locate LifecycleProcessor with name 'lifecycleProcessor': using default [org.springframework.context.support.DefaultLifecycleProcessor@4fff5f4f]
2013-06-24 22:31:24,598 [DEBUG] support.DefaultListableBeanFactory - Returning cached instance of singleton bean 'lifecycleProcessor'
2013-06-24 22:31:24,599 [DEBUG] support.DefaultListableBeanFactory - Returning cached instance of singleton bean 'proveedorServices'
2013-06-24 22:32:21,401 [DEBUG] env.StandardEnvironment - Initializing new StandardEnvironment
2013-06-24 22:32:21,413 [DEBUG] env.StandardEnvironment - Adding [systemProperties] PropertySource with lowest search precedence
2013-06-24 22:32:21,414 [DEBUG] env.StandardEnvironment - Adding [systemEnvironment] PropertySource with lowest search precedence
2013-06-24 22:32:21,415 [DEBUG] env.StandardEnvironment - Initialized StandardEnvironment with PropertySources [systemProperties,systemEnvironment]
2013-06-24 22:32:21,437 [INFO ] support.ClassPathXmlApplicationContext - Refreshing org.springframework.context.support.ClassPathXmlApplicationContext@1355b88b: startup date [Mon Jun 24 22:32:21 COT 2013]; root of context hierarchy
2013-06-24 22:32:21,548 [DEBUG] env.StandardEnvironment - Initializing new StandardEnvironment
2013-06-24 22:32:21,549 [DEBUG] env.StandardEnvironment - Adding [systemProperties] PropertySource with lowest search precedence
2013-06-24 22:32:21,551 [DEBUG] env.StandardEnvironment - Adding [systemEnvironment] PropertySource with lowest search precedence
2013-06-24 22:32:21,551 [DEBUG] env.StandardEnvironment - Initialized StandardEnvironment with PropertySources [systemProperties,systemEnvironment]
2013-06-24 22:32:21,556 [DEBUG] env.StandardEnvironment - Initializing new StandardEnvironment
2013-06-24 22:32:21,557 [DEBUG] env.StandardEnvironment - Adding [systemProperties] PropertySource with lowest search precedence
2013-06-24 22:32:21,557 [DEBUG] env.StandardEnvironment - Adding [systemEnvironment] PropertySource with lowest search precedence
2013-06-24 22:32:21,557 [DEBUG] env.StandardEnvironment - Initialized StandardEnvironment with PropertySources [systemProperties,systemEnvironment]
2013-06-24 22:32:21,585 [INFO ] xml.XmlBeanDefinitionReader - Loading XML bean definitions from class path resource [META-INF/applicationContext.xml]
2013-06-24 22:32:21,631 [DEBUG] xml.DefaultDocumentLoader - Using JAXP provider [com.sun.org.apache.xerces.internal.jaxp.DocumentBuilderFactoryImpl]
2013-06-24 22:32:21,698 [DEBUG] env.StandardEnvironment - Initializing new StandardEnvironment
2013-06-24 22:32:21,708 [DEBUG] env.StandardEnvironment - Adding [systemProperties] PropertySource with lowest search precedence
2013-06-24 22:32:21,709 [DEBUG] env.StandardEnvironment - Adding [systemEnvironment] PropertySource with lowest search precedence
2013-06-24 22:32:21,709 [DEBUG] env.StandardEnvironment - Initialized StandardEnvironment with PropertySources [systemProperties,systemEnvironment]
2013-06-24 22:32:21,725 [DEBUG] xml.PluggableSchemaResolver - Loading schema mappings from [META-INF/spring.schemas]
2013-06-24 22:32:21,728 [INFO ] support.ClassPathXmlApplicationContext - Refreshing org.springframework.context.support.ClassPathXmlApplicationContext@3f6358b8: startup date [Mon Jun 24 22:32:21 COT 2013]; root of context hierarchy
2013-06-24 22:32:21,735 [DEBUG] xml.PluggableSchemaResolver - Loaded schema mappings: {http://www.springframework.org/schema/util/spring-util.xsd=org/springframework/beans/factory/xml/spring-util-3.1.xsd, http://www.springframework.org/schema/beans/spring-beans-3.1.xsd=org/springframework/beans/factory/xml/spring-beans-3.1.xsd, http://www.springframework.org/schema/task/spring-task.xsd=org/springframework/scheduling/config/spring-task-3.1.xsd, http://www.springframework.org/schema/cache/spring-cache.xsd=org/springframework/cache/config/spring-cache-3.1.xsd, http://www.springframework.org/schema/aop/spring-aop-3.0.xsd=org/springframework/aop/config/spring-aop-3.0.xsd, http://www.springframework.org/schema/task/spring-task-3.1.xsd=org/springframework/scheduling/config/spring-task-3.1.xsd, http://www.springframework.org/schema/aop/spring-aop-2.0.xsd=org/springframework/aop/config/spring-aop-2.0.xsd, http://www.springframework.org/schema/tool/spring-tool-2.5.xsd=org/springframework/beans/factory/xml/spring-tool-2.5.xsd, http://www.springframework.org/schema/beans/spring-beans.xsd=org/springframework/beans/factory/xml/spring-beans-3.1.xsd, http://www.springframework.org/schema/jee/spring-jee-2.5.xsd=org/springframework/ejb/config/spring-jee-2.5.xsd, http://www.springframework.org/schema/tool/spring-tool-3.1.xsd=org/springframework/beans/factory/xml/spring-tool-3.1.xsd, http://www.springframework.org/schema/jee/spring-jee-3.1.xsd=org/springframework/ejb/config/spring-jee-3.1.xsd, http://www.springframework.org/schema/aop/spring-aop.xsd=org/springframework/aop/config/spring-aop-3.1.xsd, http://www.springframework.org/schema/beans/spring-beans-2.0.xsd=org/springframework/beans/factory/xml/spring-beans-2.0.xsd, http://www.springframework.org/schema/beans/spring-beans-3.0.xsd=org/springframework/beans/factory/xml/spring-beans-3.0.xsd, http://www.springframework.org/schema/task/spring-task-3.0.xsd=org/springframework/scheduling/config/spring-task-3.0.xsd, http://www.springframework.org/schema/context/spring-context-2.5.xsd=org/springframework/context/config/spring-context-2.5.xsd, http://www.springframework.org/schema/tool/spring-tool-3.0.xsd=org/springframework/beans/factory/xml/spring-tool-3.0.xsd, http://www.springframework.org/schema/util/spring-util-2.5.xsd=org/springframework/beans/factory/xml/spring-util-2.5.xsd, http://www.springframework.org/schema/tool/spring-tool-2.0.xsd=org/springframework/beans/factory/xml/spring-tool-2.0.xsd, http://www.springframework.org/schema/lang/spring-lang.xsd=org/springframework/scripting/config/spring-lang-3.1.xsd, http://www.springframework.org/schema/lang/spring-lang-2.5.xsd=org/springframework/scripting/config/spring-lang-2.5.xsd, http://www.springframework.org/schema/jee/spring-jee-3.0.xsd=org/springframework/ejb/config/spring-jee-3.0.xsd, http://www.springframework.org/schema/jee/spring-jee-2.0.xsd=org/springframework/ejb/config/spring-jee-2.0.xsd, http://www.springframework.org/schema/context/spring-context-3.1.xsd=org/springframework/context/config/spring-context-3.1.xsd, http://www.springframework.org/schema/util/spring-util-3.1.xsd=org/springframework/beans/factory/xml/spring-util-3.1.xsd, http://www.springframework.org/schema/lang/spring-lang-3.1.xsd=org/springframework/scripting/config/spring-lang-3.1.xsd, http://www.springframework.org/schema/cache/spring-cache-3.1.xsd=org/springframework/cache/config/spring-cache-3.1.xsd, http://www.springframework.org/schema/context/spring-context.xsd=org/springframework/context/config/spring-context-3.1.xsd, http://www.springframework.org/schema/jee/spring-jee.xsd=org/springframework/ejb/config/spring-jee-3.1.xsd, http://www.springframework.org/schema/aop/spring-aop-2.5.xsd=org/springframework/aop/config/spring-aop-2.5.xsd, http://www.springframework.org/schema/aop/spring-aop-3.1.xsd=org/springframework/aop/config/spring-aop-3.1.xsd, http://www.springframework.org/schema/context/spring-context-3.0.xsd=org/springframework/context/config/spring-context-3.0.xsd, http://www.springframework.org/schema/tool/spring-tool.xsd=org/springframework/beans/factory/xml/spring-tool-3.1.xsd, http://www.springframework.org/schema/util/spring-util-3.0.xsd=org/springframework/beans/factory/xml/spring-util-3.0.xsd, http://www.springframework.org/schema/lang/spring-lang-3.0.xsd=org/springframework/scripting/config/spring-lang-3.0.xsd, http://www.springframework.org/schema/util/spring-util-2.0.xsd=org/springframework/beans/factory/xml/spring-util-2.0.xsd, http://www.springframework.org/schema/lang/spring-lang-2.0.xsd=org/springframework/scripting/config/spring-lang-2.0.xsd, http://www.springframework.org/schema/beans/spring-beans-2.5.xsd=org/springframework/beans/factory/xml/spring-beans-2.5.xsd}
2013-06-24 22:32:21,738 [DEBUG] xml.PluggableSchemaResolver - Found XML schema [http://www.springframework.org/schema/beans/spring-beans-3.0.xsd] in classpath: org/springframework/beans/factory/xml/spring-beans-3.0.xsd
2013-06-24 22:32:21,907 [DEBUG] env.StandardEnvironment - Initializing new StandardEnvironment
2013-06-24 22:32:21,908 [DEBUG] env.StandardEnvironment - Adding [systemProperties] PropertySource with lowest search precedence
2013-06-24 22:32:21,908 [DEBUG] env.StandardEnvironment - Adding [systemEnvironment] PropertySource with lowest search precedence
2013-06-24 22:32:21,909 [DEBUG] env.StandardEnvironment - Initialized StandardEnvironment with PropertySources [systemProperties,systemEnvironment]
2013-06-24 22:32:21,911 [DEBUG] env.StandardEnvironment - Initializing new StandardEnvironment
2013-06-24 22:32:21,912 [DEBUG] env.StandardEnvironment - Adding [systemProperties] PropertySource with lowest search precedence
2013-06-24 22:32:21,913 [DEBUG] env.StandardEnvironment - Adding [systemEnvironment] PropertySource with lowest search precedence
2013-06-24 22:32:21,913 [DEBUG] env.StandardEnvironment - Initialized StandardEnvironment with PropertySources [systemProperties,systemEnvironment]
2013-06-24 22:32:21,920 [DEBUG] xml.DefaultBeanDefinitionDocumentReader - Loading bean definitions
2013-06-24 22:32:21,949 [INFO ] xml.XmlBeanDefinitionReader - Loading XML bean definitions from class path resource [META-INF/applicationContext.xml]
2013-06-24 22:32:21,990 [INFO ] xml.XmlBeanDefinitionReader - Loading XML bean definitions from class path resource [META-INF/spring-services.xml]
2013-06-24 22:32:21,994 [DEBUG] xml.DefaultDocumentLoader - Using JAXP provider [com.sun.org.apache.xerces.internal.jaxp.DocumentBuilderFactoryImpl]
2013-06-24 22:32:22,001 [DEBUG] xml.PluggableSchemaResolver - Found XML schema [http://www.springframework.org/schema/beans/spring-beans-3.0.xsd] in classpath: org/springframework/beans/factory/xml/spring-beans-3.0.xsd
2013-06-24 22:32:22,009 [DEBUG] xml.DefaultDocumentLoader - Using JAXP provider [com.sun.org.apache.xerces.internal.jaxp.DocumentBuilderFactoryImpl]
2013-06-24 22:32:22,077 [DEBUG] xml.DefaultBeanDefinitionDocumentReader - Loading bean definitions
2013-06-24 22:32:22,093 [DEBUG] xml.DefaultBeanDefinitionDocumentReader - Imported 1 bean definitions from relative location [spring-services.xml]
2013-06-24 22:32:22,095 [INFO ] xml.XmlBeanDefinitionReader - Loading XML bean definitions from class path resource [META-INF/spring-dao.xml]
2013-06-24 22:32:22,098 [DEBUG] xml.DefaultDocumentLoader - Using JAXP provider [com.sun.org.apache.xerces.internal.jaxp.DocumentBuilderFactoryImpl]
2013-06-24 22:32:22,102 [DEBUG] xml.PluggableSchemaResolver - Found XML schema [http://www.springframework.org/schema/beans/spring-beans-3.0.xsd] in classpath: org/springframework/beans/factory/xml/spring-beans-3.0.xsd
2013-06-24 22:32:22,105 [DEBUG] xml.PluggableSchemaResolver - Loading schema mappings from [META-INF/spring.schemas]
2013-06-24 22:32:22,115 [DEBUG] xml.PluggableSchemaResolver - Loaded schema mappings: {http://www.springframework.org/schema/util/spring-util.xsd=org/springframework/beans/factory/xml/spring-util-3.1.xsd, http://www.springframework.org/schema/beans/spring-beans-3.1.xsd=org/springframework/beans/factory/xml/spring-beans-3.1.xsd, http://www.springframework.org/schema/task/spring-task.xsd=org/springframework/scheduling/config/spring-task-3.1.xsd, http://www.springframework.org/schema/cache/spring-cache.xsd=org/springframework/cache/config/spring-cache-3.1.xsd, http://www.springframework.org/schema/aop/spring-aop-3.0.xsd=org/springframework/aop/config/spring-aop-3.0.xsd, http://www.springframework.org/schema/task/spring-task-3.1.xsd=org/springframework/scheduling/config/spring-task-3.1.xsd, http://www.springframework.org/schema/aop/spring-aop-2.0.xsd=org/springframework/aop/config/spring-aop-2.0.xsd, http://www.springframework.org/schema/tool/spring-tool-2.5.xsd=org/springframework/beans/factory/xml/spring-tool-2.5.xsd, http://www.springframework.org/schema/beans/spring-beans.xsd=org/springframework/beans/factory/xml/spring-beans-3.1.xsd, http://www.springframework.org/schema/jee/spring-jee-2.5.xsd=org/springframework/ejb/config/spring-jee-2.5.xsd, http://www.springframework.org/schema/tool/spring-tool-3.1.xsd=org/springframework/beans/factory/xml/spring-tool-3.1.xsd, http://www.springframework.org/schema/jee/spring-jee-3.1.xsd=org/springframework/ejb/config/spring-jee-3.1.xsd, http://www.springframework.org/schema/aop/spring-aop.xsd=org/springframework/aop/config/spring-aop-3.1.xsd, http://www.springframework.org/schema/beans/spring-beans-2.0.xsd=org/springframework/beans/factory/xml/spring-beans-2.0.xsd, http://www.springframework.org/schema/beans/spring-beans-3.0.xsd=org/springframework/beans/factory/xml/spring-beans-3.0.xsd, http://www.springframework.org/schema/task/spring-task-3.0.xsd=org/springframework/scheduling/config/spring-task-3.0.xsd, http://www.springframework.org/schema/context/spring-context-2.5.xsd=org/springframework/context/config/spring-context-2.5.xsd, http://www.springframework.org/schema/tool/spring-tool-3.0.xsd=org/springframework/beans/factory/xml/spring-tool-3.0.xsd, http://www.springframework.org/schema/util/spring-util-2.5.xsd=org/springframework/beans/factory/xml/spring-util-2.5.xsd, http://www.springframework.org/schema/tool/spring-tool-2.0.xsd=org/springframework/beans/factory/xml/spring-tool-2.0.xsd, http://www.springframework.org/schema/lang/spring-lang.xsd=org/springframework/scripting/config/spring-lang-3.1.xsd, http://www.springframework.org/schema/lang/spring-lang-2.5.xsd=org/springframework/scripting/config/spring-lang-2.5.xsd, http://www.springframework.org/schema/jee/spring-jee-3.0.xsd=org/springframework/ejb/config/spring-jee-3.0.xsd, http://www.springframework.org/schema/jee/spring-jee-2.0.xsd=org/springframework/ejb/config/spring-jee-2.0.xsd, http://www.springframework.org/schema/context/spring-context-3.1.xsd=org/springframework/context/config/spring-context-3.1.xsd, http://www.springframework.org/schema/util/spring-util-3.1.xsd=org/springframework/beans/factory/xml/spring-util-3.1.xsd, http://www.springframework.org/schema/lang/spring-lang-3.1.xsd=org/springframework/scripting/config/spring-lang-3.1.xsd, http://www.springframework.org/schema/cache/spring-cache-3.1.xsd=org/springframework/cache/config/spring-cache-3.1.xsd, http://www.springframework.org/schema/context/spring-context.xsd=org/springframework/context/config/spring-context-3.1.xsd, http://www.springframework.org/schema/jee/spring-jee.xsd=org/springframework/ejb/config/spring-jee-3.1.xsd, http://www.springframework.org/schema/aop/spring-aop-2.5.xsd=org/springframework/aop/config/spring-aop-2.5.xsd, http://www.springframework.org/schema/aop/spring-aop-3.1.xsd=org/springframework/aop/config/spring-aop-3.1.xsd, http://www.springframework.org/schema/context/spring-context-3.0.xsd=org/springframework/context/config/spring-context-3.0.xsd, http://www.springframework.org/schema/tool/spring-tool.xsd=org/springframework/beans/factory/xml/spring-tool-3.1.xsd, http://www.springframework.org/schema/util/spring-util-3.0.xsd=org/springframework/beans/factory/xml/spring-util-3.0.xsd, http://www.springframework.org/schema/lang/spring-lang-3.0.xsd=org/springframework/scripting/config/spring-lang-3.0.xsd, http://www.springframework.org/schema/util/spring-util-2.0.xsd=org/springframework/beans/factory/xml/spring-util-2.0.xsd, http://www.springframework.org/schema/lang/spring-lang-2.0.xsd=org/springframework/scripting/config/spring-lang-2.0.xsd, http://www.springframework.org/schema/beans/spring-beans-2.5.xsd=org/springframework/beans/factory/xml/spring-beans-2.5.xsd}
2013-06-24 22:32:22,120 [DEBUG] xml.PluggableSchemaResolver - Found XML schema [http://www.springframework.org/schema/beans/spring-beans-3.0.xsd] in classpath: org/springframework/beans/factory/xml/spring-beans-3.0.xsd
2013-06-24 22:32:22,167 [DEBUG] xml.DefaultBeanDefinitionDocumentReader - Loading bean definitions
2013-06-24 22:32:22,169 [DEBUG] xml.DefaultBeanDefinitionDocumentReader - Imported 1 bean definitions from relative location [spring-dao.xml]
2013-06-24 22:32:22,169 [DEBUG] xml.XmlBeanDefinitionReader - Loaded 2 bean definitions from location pattern [META-INF/applicationContext.xml]
2013-06-24 22:32:22,170 [DEBUG] support.ClassPathXmlApplicationContext - Bean factory for org.springframework.context.support.ClassPathXmlApplicationContext@1355b88b: org.springframework.beans.factory.support.DefaultListableBeanFactory@696a729a: defining beans [proveedorServices,proveedorDao]; root of factory hierarchy
2013-06-24 22:32:22,226 [DEBUG] support.ClassPathXmlApplicationContext - Unable to locate MessageSource with name 'messageSource': using default [org.springframework.context.support.DelegatingMessageSource@b5e9ce]
2013-06-24 22:32:22,235 [DEBUG] support.ClassPathXmlApplicationContext - Unable to locate ApplicationEventMulticaster with name 'applicationEventMulticaster': using default [org.springframework.context.event.SimpleApplicationEventMulticaster@71932060]
2013-06-24 22:32:22,240 [INFO ] support.DefaultListableBeanFactory - Pre-instantiating singletons in org.springframework.beans.factory.support.DefaultListableBeanFactory@696a729a: defining beans [proveedorServices,proveedorDao]; root of factory hierarchy
2013-06-24 22:32:22,250 [DEBUG] support.DefaultListableBeanFactory - Creating shared instance of singleton bean 'proveedorServices'
2013-06-24 22:32:22,252 [DEBUG] support.DefaultListableBeanFactory - Creating instance of bean 'proveedorServices'
2013-06-24 22:32:22,295 [DEBUG] support.DefaultListableBeanFactory - Eagerly caching bean 'proveedorServices' to allow for resolving potential circular references
2013-06-24 22:32:22,337 [DEBUG] support.DefaultListableBeanFactory - Creating shared instance of singleton bean 'proveedorDao'
2013-06-24 22:32:22,337 [DEBUG] support.DefaultListableBeanFactory - Creating instance of bean 'proveedorDao'
2013-06-24 22:32:22,338 [INFO ] util.JPAUtil - Creando EntityManagerFactory...
2013-06-24 22:32:22,360 [DEBUG] xml.DefaultBeanDefinitionDocumentReader - Loading bean definitions
2013-06-24 22:32:22,389 [INFO ] xml.XmlBeanDefinitionReader - Loading XML bean definitions from class path resource [META-INF/spring-services.xml]
2013-06-24 22:32:22,391 [DEBUG] xml.DefaultDocumentLoader - Using JAXP provider [com.sun.org.apache.xerces.internal.jaxp.DocumentBuilderFactoryImpl]
2013-06-24 22:32:22,395 [DEBUG] xml.PluggableSchemaResolver - Found XML schema [http://www.springframework.org/schema/beans/spring-beans-3.0.xsd] in classpath: org/springframework/beans/factory/xml/spring-beans-3.0.xsd
2013-06-24 22:32:22,452 [DEBUG] xml.DefaultBeanDefinitionDocumentReader - Loading bean definitions
2013-06-24 22:32:22,477 [DEBUG] xml.DefaultBeanDefinitionDocumentReader - Imported 1 bean definitions from relative location [spring-services.xml]
2013-06-24 22:32:22,479 [INFO ] xml.XmlBeanDefinitionReader - Loading XML bean definitions from class path resource [META-INF/spring-dao.xml]
2013-06-24 22:32:22,486 [DEBUG] xml.DefaultDocumentLoader - Using JAXP provider [com.sun.org.apache.xerces.internal.jaxp.DocumentBuilderFactoryImpl]
2013-06-24 22:32:22,494 [DEBUG] xml.PluggableSchemaResolver - Found XML schema [http://www.springframework.org/schema/beans/spring-beans-3.0.xsd] in classpath: org/springframework/beans/factory/xml/spring-beans-3.0.xsd
2013-06-24 22:32:22,546 [DEBUG] xml.DefaultBeanDefinitionDocumentReader - Loading bean definitions
2013-06-24 22:32:22,547 [DEBUG] xml.DefaultBeanDefinitionDocumentReader - Imported 1 bean definitions from relative location [spring-dao.xml]
2013-06-24 22:32:22,548 [DEBUG] xml.XmlBeanDefinitionReader - Loaded 2 bean definitions from location pattern [META-INF/applicationContext.xml]
2013-06-24 22:32:22,548 [DEBUG] support.ClassPathXmlApplicationContext - Bean factory for org.springframework.context.support.ClassPathXmlApplicationContext@3f6358b8: org.springframework.beans.factory.support.DefaultListableBeanFactory@5bf7b707: defining beans [proveedorServices,proveedorDao]; root of factory hierarchy
2013-06-24 22:32:22,635 [DEBUG] support.ClassPathXmlApplicationContext - Unable to locate MessageSource with name 'messageSource': using default [org.springframework.context.support.DelegatingMessageSource@36150c02]
2013-06-24 22:32:22,640 [DEBUG] support.ClassPathXmlApplicationContext - Unable to locate ApplicationEventMulticaster with name 'applicationEventMulticaster': using default [org.springframework.context.event.SimpleApplicationEventMulticaster@19e8435f]
2013-06-24 22:32:22,641 [INFO ] support.DefaultListableBeanFactory - Pre-instantiating singletons in org.springframework.beans.factory.support.DefaultListableBeanFactory@5bf7b707: defining beans [proveedorServices,proveedorDao]; root of factory hierarchy
2013-06-24 22:32:22,642 [DEBUG] support.DefaultListableBeanFactory - Creating shared instance of singleton bean 'proveedorServices'
2013-06-24 22:32:22,643 [DEBUG] support.DefaultListableBeanFactory - Creating instance of bean 'proveedorServices'
2013-06-24 22:32:22,675 [DEBUG] support.DefaultListableBeanFactory - Eagerly caching bean 'proveedorServices' to allow for resolving potential circular references
2013-06-24 22:32:22,697 [DEBUG] support.DefaultListableBeanFactory - Creating shared instance of singleton bean 'proveedorDao'
2013-06-24 22:32:22,698 [DEBUG] support.DefaultListableBeanFactory - Creating instance of bean 'proveedorDao'
2013-06-24 22:32:22,699 [INFO ] util.JPAUtil - Creando EntityManagerFactory...
2013-06-24 22:32:23,331 [INFO ] util.JPAUtil - Creando EntityManager...
2013-06-24 22:32:23,701 [INFO ] util.JPAUtil - Creando EntityManager...
2013-06-24 22:32:25,224 [DEBUG] support.DefaultListableBeanFactory - Eagerly caching bean 'proveedorDao' to allow for resolving potential circular references
2013-06-24 22:32:25,224 [DEBUG] support.DefaultListableBeanFactory - Finished creating instance of bean 'proveedorDao'
2013-06-24 22:32:25,251 [DEBUG] support.DefaultListableBeanFactory - Finished creating instance of bean 'proveedorServices'
2013-06-24 22:32:25,252 [DEBUG] support.DefaultListableBeanFactory - Returning cached instance of singleton bean 'proveedorDao'
2013-06-24 22:32:25,254 [DEBUG] support.ClassPathXmlApplicationContext - Unable to locate LifecycleProcessor with name 'lifecycleProcessor': using default [org.springframework.context.support.DefaultLifecycleProcessor@9fd3a50]
2013-06-24 22:32:25,255 [DEBUG] support.DefaultListableBeanFactory - Returning cached instance of singleton bean 'lifecycleProcessor'
2013-06-24 22:32:25,257 [DEBUG] support.DefaultListableBeanFactory - Returning cached instance of singleton bean 'proveedorServices'
2013-06-24 22:32:25,502 [DEBUG] support.DefaultListableBeanFactory - Eagerly caching bean 'proveedorDao' to allow for resolving potential circular references
2013-06-24 22:32:25,505 [DEBUG] support.DefaultListableBeanFactory - Finished creating instance of bean 'proveedorDao'
2013-06-24 22:32:25,529 [DEBUG] support.DefaultListableBeanFactory - Finished creating instance of bean 'proveedorServices'
2013-06-24 22:32:25,529 [DEBUG] support.DefaultListableBeanFactory - Returning cached instance of singleton bean 'proveedorDao'
2013-06-24 22:32:25,531 [DEBUG] support.ClassPathXmlApplicationContext - Unable to locate LifecycleProcessor with name 'lifecycleProcessor': using default [org.springframework.context.support.DefaultLifecycleProcessor@118d9c33]
2013-06-24 22:32:25,532 [DEBUG] support.DefaultListableBeanFactory - Returning cached instance of singleton bean 'lifecycleProcessor'
2013-06-24 22:32:25,533 [DEBUG] support.DefaultListableBeanFactory - Returning cached instance of singleton bean 'proveedorServices'
2013-06-24 22:32:27,462 [INFO ] view.frmProveedor - GENERANDO UNA TRAZA...
2013-06-24 22:54:43,467 [DEBUG] env.StandardEnvironment - Initializing new StandardEnvironment
2013-06-24 22:54:43,476 [DEBUG] env.StandardEnvironment - Adding [systemProperties] PropertySource with lowest search precedence
2013-06-24 22:54:43,477 [DEBUG] env.StandardEnvironment - Adding [systemEnvironment] PropertySource with lowest search precedence
2013-06-24 22:54:43,477 [DEBUG] env.StandardEnvironment - Initialized StandardEnvironment with PropertySources [systemProperties,systemEnvironment]
2013-06-24 22:54:43,490 [INFO ] support.ClassPathXmlApplicationContext - Refreshing org.springframework.context.support.ClassPathXmlApplicationContext@3f6358b8: startup date [Mon Jun 24 22:54:43 COT 2013]; root of context hierarchy
2013-06-24 22:54:43,576 [DEBUG] env.StandardEnvironment - Initializing new StandardEnvironment
2013-06-24 22:54:43,577 [DEBUG] env.StandardEnvironment - Adding [systemProperties] PropertySource with lowest search precedence
2013-06-24 22:54:43,577 [DEBUG] env.StandardEnvironment - Adding [systemEnvironment] PropertySource with lowest search precedence
2013-06-24 22:54:43,578 [DEBUG] env.StandardEnvironment - Initialized StandardEnvironment with PropertySources [systemProperties,systemEnvironment]
2013-06-24 22:54:43,580 [DEBUG] env.StandardEnvironment - Initializing new StandardEnvironment
2013-06-24 22:54:43,580 [DEBUG] env.StandardEnvironment - Adding [systemProperties] PropertySource with lowest search precedence
2013-06-24 22:54:43,580 [DEBUG] env.StandardEnvironment - Adding [systemEnvironment] PropertySource with lowest search precedence
2013-06-24 22:54:43,581 [DEBUG] env.StandardEnvironment - Initialized StandardEnvironment with PropertySources [systemProperties,systemEnvironment]
2013-06-24 22:54:43,604 [INFO ] xml.XmlBeanDefinitionReader - Loading XML bean definitions from class path resource [META-INF/applicationContext.xml]
2013-06-24 22:54:43,638 [DEBUG] xml.DefaultDocumentLoader - Using JAXP provider [com.sun.org.apache.xerces.internal.jaxp.DocumentBuilderFactoryImpl]
2013-06-24 22:54:43,716 [DEBUG] xml.PluggableSchemaResolver - Loading schema mappings from [META-INF/spring.schemas]
2013-06-24 22:54:43,724 [DEBUG] xml.PluggableSchemaResolver - Loaded schema mappings: {http://www.springframework.org/schema/util/spring-util.xsd=org/springframework/beans/factory/xml/spring-util-3.1.xsd, http://www.springframework.org/schema/beans/spring-beans-3.1.xsd=org/springframework/beans/factory/xml/spring-beans-3.1.xsd, http://www.springframework.org/schema/task/spring-task.xsd=org/springframework/scheduling/config/spring-task-3.1.xsd, http://www.springframework.org/schema/cache/spring-cache.xsd=org/springframework/cache/config/spring-cache-3.1.xsd, http://www.springframework.org/schema/aop/spring-aop-3.0.xsd=org/springframework/aop/config/spring-aop-3.0.xsd, http://www.springframework.org/schema/task/spring-task-3.1.xsd=org/springframework/scheduling/config/spring-task-3.1.xsd, http://www.springframework.org/schema/aop/spring-aop-2.0.xsd=org/springframework/aop/config/spring-aop-2.0.xsd, http://www.springframework.org/schema/tool/spring-tool-2.5.xsd=org/springframework/beans/factory/xml/spring-tool-2.5.xsd, http://www.springframework.org/schema/beans/spring-beans.xsd=org/springframework/beans/factory/xml/spring-beans-3.1.xsd, http://www.springframework.org/schema/jee/spring-jee-2.5.xsd=org/springframework/ejb/config/spring-jee-2.5.xsd, http://www.springframework.org/schema/tool/spring-tool-3.1.xsd=org/springframework/beans/factory/xml/spring-tool-3.1.xsd, http://www.springframework.org/schema/jee/spring-jee-3.1.xsd=org/springframework/ejb/config/spring-jee-3.1.xsd, http://www.springframework.org/schema/aop/spring-aop.xsd=org/springframework/aop/config/spring-aop-3.1.xsd, http://www.springframework.org/schema/beans/spring-beans-2.0.xsd=org/springframework/beans/factory/xml/spring-beans-2.0.xsd, http://www.springframework.org/schema/beans/spring-beans-3.0.xsd=org/springframework/beans/factory/xml/spring-beans-3.0.xsd, http://www.springframework.org/schema/task/spring-task-3.0.xsd=org/springframework/scheduling/config/spring-task-3.0.xsd, http://www.springframework.org/schema/context/spring-context-2.5.xsd=org/springframework/context/config/spring-context-2.5.xsd, http://www.springframework.org/schema/tool/spring-tool-3.0.xsd=org/springframework/beans/factory/xml/spring-tool-3.0.xsd, http://www.springframework.org/schema/util/spring-util-2.5.xsd=org/springframework/beans/factory/xml/spring-util-2.5.xsd, http://www.springframework.org/schema/tool/spring-tool-2.0.xsd=org/springframework/beans/factory/xml/spring-tool-2.0.xsd, http://www.springframework.org/schema/lang/spring-lang.xsd=org/springframework/scripting/config/spring-lang-3.1.xsd, http://www.springframework.org/schema/lang/spring-lang-2.5.xsd=org/springframework/scripting/config/spring-lang-2.5.xsd, http://www.springframework.org/schema/jee/spring-jee-3.0.xsd=org/springframework/ejb/config/spring-jee-3.0.xsd, http://www.springframework.org/schema/jee/spring-jee-2.0.xsd=org/springframework/ejb/config/spring-jee-2.0.xsd, http://www.springframework.org/schema/context/spring-context-3.1.xsd=org/springframework/context/config/spring-context-3.1.xsd, http://www.springframework.org/schema/util/spring-util-3.1.xsd=org/springframework/beans/factory/xml/spring-util-3.1.xsd, http://www.springframework.org/schema/lang/spring-lang-3.1.xsd=org/springframework/scripting/config/spring-lang-3.1.xsd, http://www.springframework.org/schema/cache/spring-cache-3.1.xsd=org/springframework/cache/config/spring-cache-3.1.xsd, http://www.springframework.org/schema/context/spring-context.xsd=org/springframework/context/config/spring-context-3.1.xsd, http://www.springframework.org/schema/jee/spring-jee.xsd=org/springframework/ejb/config/spring-jee-3.1.xsd, http://www.springframework.org/schema/aop/spring-aop-2.5.xsd=org/springframework/aop/config/spring-aop-2.5.xsd, http://www.springframework.org/schema/aop/spring-aop-3.1.xsd=org/springframework/aop/config/spring-aop-3.1.xsd, http://www.springframework.org/schema/context/spring-context-3.0.xsd=org/springframework/context/config/spring-context-3.0.xsd, http://www.springframework.org/schema/tool/spring-tool.xsd=org/springframework/beans/factory/xml/spring-tool-3.1.xsd, http://www.springframework.org/schema/util/spring-util-3.0.xsd=org/springframework/beans/factory/xml/spring-util-3.0.xsd, http://www.springframework.org/schema/lang/spring-lang-3.0.xsd=org/springframework/scripting/config/spring-lang-3.0.xsd, http://www.springframework.org/schema/util/spring-util-2.0.xsd=org/springframework/beans/factory/xml/spring-util-2.0.xsd, http://www.springframework.org/schema/lang/spring-lang-2.0.xsd=org/springframework/scripting/config/spring-lang-2.0.xsd, http://www.springframework.org/schema/beans/spring-beans-2.5.xsd=org/springframework/beans/factory/xml/spring-beans-2.5.xsd}
2013-06-24 22:54:43,734 [DEBUG] xml.PluggableSchemaResolver - Found XML schema [http://www.springframework.org/schema/beans/spring-beans-3.0.xsd] in classpath: org/springframework/beans/factory/xml/spring-beans-3.0.xsd
2013-06-24 22:54:43,928 [DEBUG] xml.DefaultBeanDefinitionDocumentReader - Loading bean definitions
2013-06-24 22:54:43,950 [INFO ] xml.XmlBeanDefinitionReader - Loading XML bean definitions from class path resource [META-INF/spring-services.xml]
2013-06-24 22:54:43,952 [DEBUG] xml.DefaultDocumentLoader - Using JAXP provider [com.sun.org.apache.xerces.internal.jaxp.DocumentBuilderFactoryImpl]
2013-06-24 22:54:43,956 [DEBUG] xml.PluggableSchemaResolver - Found XML schema [http://www.springframework.org/schema/beans/spring-beans-3.0.xsd] in classpath: org/springframework/beans/factory/xml/spring-beans-3.0.xsd
2013-06-24 22:54:43,998 [DEBUG] xml.DefaultBeanDefinitionDocumentReader - Loading bean definitions
2013-06-24 22:54:44,015 [DEBUG] xml.DefaultBeanDefinitionDocumentReader - Imported 1 bean definitions from relative location [spring-services.xml]
2013-06-24 22:54:44,017 [INFO ] xml.XmlBeanDefinitionReader - Loading XML bean definitions from class path resource [META-INF/spring-dao.xml]
2013-06-24 22:54:44,019 [DEBUG] xml.DefaultDocumentLoader - Using JAXP provider [com.sun.org.apache.xerces.internal.jaxp.DocumentBuilderFactoryImpl]
2013-06-24 22:54:44,022 [DEBUG] xml.PluggableSchemaResolver - Found XML schema [http://www.springframework.org/schema/beans/spring-beans-3.0.xsd] in classpath: org/springframework/beans/factory/xml/spring-beans-3.0.xsd
2013-06-24 22:54:44,058 [DEBUG] xml.DefaultBeanDefinitionDocumentReader - Loading bean definitions
2013-06-24 22:54:44,059 [DEBUG] xml.DefaultBeanDefinitionDocumentReader - Imported 1 bean definitions from relative location [spring-dao.xml]
2013-06-24 22:54:44,059 [DEBUG] xml.XmlBeanDefinitionReader - Loaded 2 bean definitions from location pattern [META-INF/applicationContext.xml]
2013-06-24 22:54:44,059 [DEBUG] support.ClassPathXmlApplicationContext - Bean factory for org.springframework.context.support.ClassPathXmlApplicationContext@3f6358b8: org.springframework.beans.factory.support.DefaultListableBeanFactory@4b8a1287: defining beans [proveedorServices,proveedorDao]; root of factory hierarchy
2013-06-24 22:54:44,094 [DEBUG] support.ClassPathXmlApplicationContext - Unable to locate MessageSource with name 'messageSource': using default [org.springframework.context.support.DelegatingMessageSource@2708d3bf]
2013-06-24 22:54:44,098 [DEBUG] support.ClassPathXmlApplicationContext - Unable to locate ApplicationEventMulticaster with name 'applicationEventMulticaster': using default [org.springframework.context.event.SimpleApplicationEventMulticaster@7232b8e0]
2013-06-24 22:54:44,099 [INFO ] support.DefaultListableBeanFactory - Pre-instantiating singletons in org.springframework.beans.factory.support.DefaultListableBeanFactory@4b8a1287: defining beans [proveedorServices,proveedorDao]; root of factory hierarchy
2013-06-24 22:54:44,100 [DEBUG] support.DefaultListableBeanFactory - Creating shared instance of singleton bean 'proveedorServices'
2013-06-24 22:54:44,100 [DEBUG] support.DefaultListableBeanFactory - Creating instance of bean 'proveedorServices'
2013-06-24 22:54:44,128 [DEBUG] support.DefaultListableBeanFactory - Eagerly caching bean 'proveedorServices' to allow for resolving potential circular references
2013-06-24 22:54:44,161 [DEBUG] support.DefaultListableBeanFactory - Creating shared instance of singleton bean 'proveedorDao'
2013-06-24 22:54:44,162 [DEBUG] support.DefaultListableBeanFactory - Creating instance of bean 'proveedorDao'
2013-06-24 22:54:44,163 [INFO ] util.JPAUtil - Creando EntityManagerFactory...
2013-06-24 22:54:45,256 [INFO ] util.JPAUtil - Creando EntityManager...
2013-06-24 22:54:47,324 [DEBUG] support.DefaultListableBeanFactory - Eagerly caching bean 'proveedorDao' to allow for resolving potential circular references
2013-06-24 22:54:47,325 [DEBUG] support.DefaultListableBeanFactory - Finished creating instance of bean 'proveedorDao'
2013-06-24 22:54:47,368 [DEBUG] support.DefaultListableBeanFactory - Finished creating instance of bean 'proveedorServices'
2013-06-24 22:54:47,390 [DEBUG] support.DefaultListableBeanFactory - Returning cached instance of singleton bean 'proveedorDao'
2013-06-24 22:54:47,394 [DEBUG] support.ClassPathXmlApplicationContext - Unable to locate LifecycleProcessor with name 'lifecycleProcessor': using default [org.springframework.context.support.DefaultLifecycleProcessor@27ec4a3a]
2013-06-24 22:54:47,396 [DEBUG] support.DefaultListableBeanFactory - Returning cached instance of singleton bean 'lifecycleProcessor'
2013-06-24 22:54:47,398 [DEBUG] support.DefaultListableBeanFactory - Returning cached instance of singleton bean 'proveedorServices'
2013-06-24 22:56:05,222 [INFO ] view.frmProveedor - GENERANDO UNA TRAZA...
2013-06-24 23:05:58,499 [DEBUG] env.StandardEnvironment - Initializing new StandardEnvironment
2013-06-24 23:05:58,509 [DEBUG] env.StandardEnvironment - Adding [systemProperties] PropertySource with lowest search precedence
2013-06-24 23:05:58,510 [DEBUG] env.StandardEnvironment - Adding [systemEnvironment] PropertySource with lowest search precedence
2013-06-24 23:05:58,511 [DEBUG] env.StandardEnvironment - Initialized StandardEnvironment with PropertySources [systemProperties,systemEnvironment]
2013-06-24 23:05:58,533 [INFO ] support.ClassPathXmlApplicationContext - Refreshing org.springframework.context.support.ClassPathXmlApplicationContext@3f6358b8: startup date [Mon Jun 24 23:05:58 COT 2013]; root of context hierarchy
2013-06-24 23:05:58,639 [DEBUG] env.StandardEnvironment - Initializing new StandardEnvironment
2013-06-24 23:05:58,639 [DEBUG] env.StandardEnvironment - Adding [systemProperties] PropertySource with lowest search precedence
2013-06-24 23:05:58,640 [DEBUG] env.StandardEnvironment - Adding [systemEnvironment] PropertySource with lowest search precedence
2013-06-24 23:05:58,640 [DEBUG] env.StandardEnvironment - Initialized StandardEnvironment with PropertySources [systemProperties,systemEnvironment]
2013-06-24 23:05:58,643 [DEBUG] env.StandardEnvironment - Initializing new StandardEnvironment
2013-06-24 23:05:58,644 [DEBUG] env.StandardEnvironment - Adding [systemProperties] PropertySource with lowest search precedence
2013-06-24 23:05:58,644 [DEBUG] env.StandardEnvironment - Adding [systemEnvironment] PropertySource with lowest search precedence
2013-06-24 23:05:58,645 [DEBUG] env.StandardEnvironment - Initialized StandardEnvironment with PropertySources [systemProperties,systemEnvironment]
2013-06-24 23:05:58,671 [INFO ] xml.XmlBeanDefinitionReader - Loading XML bean definitions from class path resource [META-INF/applicationContext.xml]
2013-06-24 23:05:58,706 [DEBUG] xml.DefaultDocumentLoader - Using JAXP provider [com.sun.org.apache.xerces.internal.jaxp.DocumentBuilderFactoryImpl]
2013-06-24 23:05:58,794 [DEBUG] xml.PluggableSchemaResolver - Loading schema mappings from [META-INF/spring.schemas]
2013-06-24 23:05:58,803 [DEBUG] xml.PluggableSchemaResolver - Loaded schema mappings: {http://www.springframework.org/schema/util/spring-util.xsd=org/springframework/beans/factory/xml/spring-util-3.1.xsd, http://www.springframework.org/schema/beans/spring-beans-3.1.xsd=org/springframework/beans/factory/xml/spring-beans-3.1.xsd, http://www.springframework.org/schema/task/spring-task.xsd=org/springframework/scheduling/config/spring-task-3.1.xsd, http://www.springframework.org/schema/cache/spring-cache.xsd=org/springframework/cache/config/spring-cache-3.1.xsd, http://www.springframework.org/schema/aop/spring-aop-3.0.xsd=org/springframework/aop/config/spring-aop-3.0.xsd, http://www.springframework.org/schema/task/spring-task-3.1.xsd=org/springframework/scheduling/config/spring-task-3.1.xsd, http://www.springframework.org/schema/aop/spring-aop-2.0.xsd=org/springframework/aop/config/spring-aop-2.0.xsd, http://www.springframework.org/schema/tool/spring-tool-2.5.xsd=org/springframework/beans/factory/xml/spring-tool-2.5.xsd, http://www.springframework.org/schema/beans/spring-beans.xsd=org/springframework/beans/factory/xml/spring-beans-3.1.xsd, http://www.springframework.org/schema/jee/spring-jee-2.5.xsd=org/springframework/ejb/config/spring-jee-2.5.xsd, http://www.springframework.org/schema/tool/spring-tool-3.1.xsd=org/springframework/beans/factory/xml/spring-tool-3.1.xsd, http://www.springframework.org/schema/jee/spring-jee-3.1.xsd=org/springframework/ejb/config/spring-jee-3.1.xsd, http://www.springframework.org/schema/aop/spring-aop.xsd=org/springframework/aop/config/spring-aop-3.1.xsd, http://www.springframework.org/schema/beans/spring-beans-2.0.xsd=org/springframework/beans/factory/xml/spring-beans-2.0.xsd, http://www.springframework.org/schema/beans/spring-beans-3.0.xsd=org/springframework/beans/factory/xml/spring-beans-3.0.xsd, http://www.springframework.org/schema/task/spring-task-3.0.xsd=org/springframework/scheduling/config/spring-task-3.0.xsd, http://www.springframework.org/schema/context/spring-context-2.5.xsd=org/springframework/context/config/spring-context-2.5.xsd, http://www.springframework.org/schema/tool/spring-tool-3.0.xsd=org/springframework/beans/factory/xml/spring-tool-3.0.xsd, http://www.springframework.org/schema/util/spring-util-2.5.xsd=org/springframework/beans/factory/xml/spring-util-2.5.xsd, http://www.springframework.org/schema/tool/spring-tool-2.0.xsd=org/springframework/beans/factory/xml/spring-tool-2.0.xsd, http://www.springframework.org/schema/lang/spring-lang.xsd=org/springframework/scripting/config/spring-lang-3.1.xsd, http://www.springframework.org/schema/lang/spring-lang-2.5.xsd=org/springframework/scripting/config/spring-lang-2.5.xsd, http://www.springframework.org/schema/jee/spring-jee-3.0.xsd=org/springframework/ejb/config/spring-jee-3.0.xsd, http://www.springframework.org/schema/jee/spring-jee-2.0.xsd=org/springframework/ejb/config/spring-jee-2.0.xsd, http://www.springframework.org/schema/context/spring-context-3.1.xsd=org/springframework/context/config/spring-context-3.1.xsd, http://www.springframework.org/schema/util/spring-util-3.1.xsd=org/springframework/beans/factory/xml/spring-util-3.1.xsd, http://www.springframework.org/schema/lang/spring-lang-3.1.xsd=org/springframework/scripting/config/spring-lang-3.1.xsd, http://www.springframework.org/schema/cache/spring-cache-3.1.xsd=org/springframework/cache/config/spring-cache-3.1.xsd, http://www.springframework.org/schema/context/spring-context.xsd=org/springframework/context/config/spring-context-3.1.xsd, http://www.springframework.org/schema/jee/spring-jee.xsd=org/springframework/ejb/config/spring-jee-3.1.xsd, http://www.springframework.org/schema/aop/spring-aop-2.5.xsd=org/springframework/aop/config/spring-aop-2.5.xsd, http://www.springframework.org/schema/aop/spring-aop-3.1.xsd=org/springframework/aop/config/spring-aop-3.1.xsd, http://www.springframework.org/schema/context/spring-context-3.0.xsd=org/springframework/context/config/spring-context-3.0.xsd, http://www.springframework.org/schema/tool/spring-tool.xsd=org/springframework/beans/factory/xml/spring-tool-3.1.xsd, http://www.springframework.org/schema/util/spring-util-3.0.xsd=org/springframework/beans/factory/xml/spring-util-3.0.xsd, http://www.springframework.org/schema/lang/spring-lang-3.0.xsd=org/springframework/scripting/config/spring-lang-3.0.xsd, http://www.springframework.org/schema/util/spring-util-2.0.xsd=org/springframework/beans/factory/xml/spring-util-2.0.xsd, http://www.springframework.org/schema/lang/spring-lang-2.0.xsd=org/springframework/scripting/config/spring-lang-2.0.xsd, http://www.springframework.org/schema/beans/spring-beans-2.5.xsd=org/springframework/beans/factory/xml/spring-beans-2.5.xsd}
2013-06-24 23:05:58,807 [DEBUG] xml.PluggableSchemaResolver - Found XML schema [http://www.springframework.org/schema/beans/spring-beans-3.0.xsd] in classpath: org/springframework/beans/factory/xml/spring-beans-3.0.xsd
2013-06-24 23:05:58,997 [DEBUG] xml.DefaultBeanDefinitionDocumentReader - Loading bean definitions
2013-06-24 23:05:59,029 [INFO ] xml.XmlBeanDefinitionReader - Loading XML bean definitions from class path resource [META-INF/spring-services.xml]
2013-06-24 23:05:59,033 [DEBUG] xml.DefaultDocumentLoader - Using JAXP provider [com.sun.org.apache.xerces.internal.jaxp.DocumentBuilderFactoryImpl]
2013-06-24 23:05:59,038 [DEBUG] xml.PluggableSchemaResolver - Found XML schema [http://www.springframework.org/schema/beans/spring-beans-3.0.xsd] in classpath: org/springframework/beans/factory/xml/spring-beans-3.0.xsd
2013-06-24 23:05:59,099 [DEBUG] xml.DefaultBeanDefinitionDocumentReader - Loading bean definitions
2013-06-24 23:05:59,120 [DEBUG] xml.DefaultBeanDefinitionDocumentReader - Imported 1 bean definitions from relative location [spring-services.xml]
2013-06-24 23:05:59,121 [INFO ] xml.XmlBeanDefinitionReader - Loading XML bean definitions from class path resource [META-INF/spring-dao.xml]
2013-06-24 23:05:59,124 [DEBUG] xml.DefaultDocumentLoader - Using JAXP provider [com.sun.org.apache.xerces.internal.jaxp.DocumentBuilderFactoryImpl]
2013-06-24 23:05:59,130 [DEBUG] xml.PluggableSchemaResolver - Found XML schema [http://www.springframework.org/schema/beans/spring-beans-3.0.xsd] in classpath: org/springframework/beans/factory/xml/spring-beans-3.0.xsd
2013-06-24 23:05:59,181 [DEBUG] xml.DefaultBeanDefinitionDocumentReader - Loading bean definitions
2013-06-24 23:05:59,183 [DEBUG] xml.DefaultBeanDefinitionDocumentReader - Imported 1 bean definitions from relative location [spring-dao.xml]
2013-06-24 23:05:59,183 [DEBUG] xml.XmlBeanDefinitionReader - Loaded 2 bean definitions from location pattern [META-INF/applicationContext.xml]
2013-06-24 23:05:59,183 [DEBUG] support.ClassPathXmlApplicationContext - Bean factory for org.springframework.context.support.ClassPathXmlApplicationContext@3f6358b8: org.springframework.beans.factory.support.DefaultListableBeanFactory@55c683cf: defining beans [proveedorServices,proveedorDao]; root of factory hierarchy
2013-06-24 23:05:59,249 [DEBUG] support.ClassPathXmlApplicationContext - Unable to locate MessageSource with name 'messageSource': using default [org.springframework.context.support.DelegatingMessageSource@3485b49e]
2013-06-24 23:05:59,256 [DEBUG] support.ClassPathXmlApplicationContext - Unable to locate ApplicationEventMulticaster with name 'applicationEventMulticaster': using default [org.springframework.context.event.SimpleApplicationEventMulticaster@6007b4b2]
2013-06-24 23:05:59,257 [INFO ] support.DefaultListableBeanFactory - Pre-instantiating singletons in org.springframework.beans.factory.support.DefaultListableBeanFactory@55c683cf: defining beans [proveedorServices,proveedorDao]; root of factory hierarchy
2013-06-24 23:05:59,258 [DEBUG] support.DefaultListableBeanFactory - Creating shared instance of singleton bean 'proveedorServices'
2013-06-24 23:05:59,258 [DEBUG] support.DefaultListableBeanFactory - Creating instance of bean 'proveedorServices'
2013-06-24 23:05:59,293 [DEBUG] support.DefaultListableBeanFactory - Eagerly caching bean 'proveedorServices' to allow for resolving potential circular references
2013-06-24 23:05:59,317 [DEBUG] support.DefaultListableBeanFactory - Creating shared instance of singleton bean 'proveedorDao'
2013-06-24 23:05:59,317 [DEBUG] support.DefaultListableBeanFactory - Creating instance of bean 'proveedorDao'
2013-06-24 23:05:59,319 [INFO ] util.JPAUtil - Creando EntityManagerFactory...
2013-06-24 23:06:00,374 [INFO ] util.JPAUtil - Creando EntityManager...
2013-06-24 23:06:02,288 [DEBUG] support.DefaultListableBeanFactory - Eagerly caching bean 'proveedorDao' to allow for resolving potential circular references
2013-06-24 23:06:02,289 [DEBUG] support.DefaultListableBeanFactory - Finished creating instance of bean 'proveedorDao'
2013-06-24 23:06:02,330 [DEBUG] support.DefaultListableBeanFactory - Finished creating instance of bean 'proveedorServices'
2013-06-24 23:06:02,333 [DEBUG] support.DefaultListableBeanFactory - Returning cached instance of singleton bean 'proveedorDao'
2013-06-24 23:06:02,335 [DEBUG] support.ClassPathXmlApplicationContext - Unable to locate LifecycleProcessor with name 'lifecycleProcessor': using default [org.springframework.context.support.DefaultLifecycleProcessor@616c3093]
2013-06-24 23:06:02,336 [DEBUG] support.DefaultListableBeanFactory - Returning cached instance of singleton bean 'lifecycleProcessor'
2013-06-24 23:06:02,337 [DEBUG] support.DefaultListableBeanFactory - Returning cached instance of singleton bean 'proveedorServices'
2013-06-24 23:06:16,646 [DEBUG] env.StandardEnvironment - Initializing new StandardEnvironment
2013-06-24 23:06:16,655 [DEBUG] env.StandardEnvironment - Adding [systemProperties] PropertySource with lowest search precedence
2013-06-24 23:06:16,656 [DEBUG] env.StandardEnvironment - Adding [systemEnvironment] PropertySource with lowest search precedence
2013-06-24 23:06:16,656 [DEBUG] env.StandardEnvironment - Initialized StandardEnvironment with PropertySources [systemProperties,systemEnvironment]
2013-06-24 23:06:16,669 [INFO ] support.ClassPathXmlApplicationContext - Refreshing org.springframework.context.support.ClassPathXmlApplicationContext@31dbfb7a: startup date [Mon Jun 24 23:06:16 COT 2013]; root of context hierarchy
2013-06-24 23:06:16,756 [DEBUG] env.StandardEnvironment - Initializing new StandardEnvironment
2013-06-24 23:06:16,756 [DEBUG] env.StandardEnvironment - Adding [systemProperties] PropertySource with lowest search precedence
2013-06-24 23:06:16,757 [DEBUG] env.StandardEnvironment - Adding [systemEnvironment] PropertySource with lowest search precedence
2013-06-24 23:06:16,757 [DEBUG] env.StandardEnvironment - Initialized StandardEnvironment with PropertySources [systemProperties,systemEnvironment]
2013-06-24 23:06:16,759 [DEBUG] env.StandardEnvironment - Initializing new StandardEnvironment
2013-06-24 23:06:16,760 [DEBUG] env.StandardEnvironment - Adding [systemProperties] PropertySource with lowest search precedence
2013-06-24 23:06:16,760 [DEBUG] env.StandardEnvironment - Adding [systemEnvironment] PropertySource with lowest search precedence
2013-06-24 23:06:16,760 [DEBUG] env.StandardEnvironment - Initialized StandardEnvironment with PropertySources [systemProperties,systemEnvironment]
2013-06-24 23:06:16,799 [INFO ] xml.XmlBeanDefinitionReader - Loading XML bean definitions from class path resource [META-INF/applicationContext.xml]
2013-06-24 23:06:16,839 [DEBUG] xml.DefaultDocumentLoader - Using JAXP provider [com.sun.org.apache.xerces.internal.jaxp.DocumentBuilderFactoryImpl]
2013-06-24 23:06:16,914 [DEBUG] xml.PluggableSchemaResolver - Loading schema mappings from [META-INF/spring.schemas]
2013-06-24 23:06:16,924 [DEBUG] xml.PluggableSchemaResolver - Loaded schema mappings: {http://www.springframework.org/schema/util/spring-util.xsd=org/springframework/beans/factory/xml/spring-util-3.1.xsd, http://www.springframework.org/schema/beans/spring-beans-3.1.xsd=org/springframework/beans/factory/xml/spring-beans-3.1.xsd, http://www.springframework.org/schema/task/spring-task.xsd=org/springframework/scheduling/config/spring-task-3.1.xsd, http://www.springframework.org/schema/cache/spring-cache.xsd=org/springframework/cache/config/spring-cache-3.1.xsd, http://www.springframework.org/schema/aop/spring-aop-3.0.xsd=org/springframework/aop/config/spring-aop-3.0.xsd, http://www.springframework.org/schema/task/spring-task-3.1.xsd=org/springframework/scheduling/config/spring-task-3.1.xsd, http://www.springframework.org/schema/aop/spring-aop-2.0.xsd=org/springframework/aop/config/spring-aop-2.0.xsd, http://www.springframework.org/schema/tool/spring-tool-2.5.xsd=org/springframework/beans/factory/xml/spring-tool-2.5.xsd, http://www.springframework.org/schema/beans/spring-beans.xsd=org/springframework/beans/factory/xml/spring-beans-3.1.xsd, http://www.springframework.org/schema/jee/spring-jee-2.5.xsd=org/springframework/ejb/config/spring-jee-2.5.xsd, http://www.springframework.org/schema/tool/spring-tool-3.1.xsd=org/springframework/beans/factory/xml/spring-tool-3.1.xsd, http://www.springframework.org/schema/jee/spring-jee-3.1.xsd=org/springframework/ejb/config/spring-jee-3.1.xsd, http://www.springframework.org/schema/aop/spring-aop.xsd=org/springframework/aop/config/spring-aop-3.1.xsd, http://www.springframework.org/schema/beans/spring-beans-2.0.xsd=org/springframework/beans/factory/xml/spring-beans-2.0.xsd, http://www.springframework.org/schema/beans/spring-beans-3.0.xsd=org/springframework/beans/factory/xml/spring-beans-3.0.xsd, http://www.springframework.org/schema/task/spring-task-3.0.xsd=org/springframework/scheduling/config/spring-task-3.0.xsd, http://www.springframework.org/schema/context/spring-context-2.5.xsd=org/springframework/context/config/spring-context-2.5.xsd, http://www.springframework.org/schema/tool/spring-tool-3.0.xsd=org/springframework/beans/factory/xml/spring-tool-3.0.xsd, http://www.springframework.org/schema/util/spring-util-2.5.xsd=org/springframework/beans/factory/xml/spring-util-2.5.xsd, http://www.springframework.org/schema/tool/spring-tool-2.0.xsd=org/springframework/beans/factory/xml/spring-tool-2.0.xsd, http://www.springframework.org/schema/lang/spring-lang.xsd=org/springframework/scripting/config/spring-lang-3.1.xsd, http://www.springframework.org/schema/lang/spring-lang-2.5.xsd=org/springframework/scripting/config/spring-lang-2.5.xsd, http://www.springframework.org/schema/jee/spring-jee-3.0.xsd=org/springframework/ejb/config/spring-jee-3.0.xsd, http://www.springframework.org/schema/jee/spring-jee-2.0.xsd=org/springframework/ejb/config/spring-jee-2.0.xsd, http://www.springframework.org/schema/context/spring-context-3.1.xsd=org/springframework/context/config/spring-context-3.1.xsd, http://www.springframework.org/schema/util/spring-util-3.1.xsd=org/springframework/beans/factory/xml/spring-util-3.1.xsd, http://www.springframework.org/schema/lang/spring-lang-3.1.xsd=org/springframework/scripting/config/spring-lang-3.1.xsd, http://www.springframework.org/schema/cache/spring-cache-3.1.xsd=org/springframework/cache/config/spring-cache-3.1.xsd, http://www.springframework.org/schema/context/spring-context.xsd=org/springframework/context/config/spring-context-3.1.xsd, http://www.springframework.org/schema/jee/spring-jee.xsd=org/springframework/ejb/config/spring-jee-3.1.xsd, http://www.springframework.org/schema/aop/spring-aop-2.5.xsd=org/springframework/aop/config/spring-aop-2.5.xsd, http://www.springframework.org/schema/aop/spring-aop-3.1.xsd=org/springframework/aop/config/spring-aop-3.1.xsd, http://www.springframework.org/schema/context/spring-context-3.0.xsd=org/springframework/context/config/spring-context-3.0.xsd, http://www.springframework.org/schema/tool/spring-tool.xsd=org/springframework/beans/factory/xml/spring-tool-3.1.xsd, http://www.springframework.org/schema/util/spring-util-3.0.xsd=org/springframework/beans/factory/xml/spring-util-3.0.xsd, http://www.springframework.org/schema/lang/spring-lang-3.0.xsd=org/springframework/scripting/config/spring-lang-3.0.xsd, http://www.springframework.org/schema/util/spring-util-2.0.xsd=org/springframework/beans/factory/xml/spring-util-2.0.xsd, http://www.springframework.org/schema/lang/spring-lang-2.0.xsd=org/springframework/scripting/config/spring-lang-2.0.xsd, http://www.springframework.org/schema/beans/spring-beans-2.5.xsd=org/springframework/beans/factory/xml/spring-beans-2.5.xsd}
2013-06-24 23:06:16,926 [DEBUG] xml.PluggableSchemaResolver - Found XML schema [http://www.springframework.org/schema/beans/spring-beans-3.0.xsd] in classpath: org/springframework/beans/factory/xml/spring-beans-3.0.xsd
2013-06-24 23:06:17,095 [DEBUG] xml.DefaultBeanDefinitionDocumentReader - Loading bean definitions
2013-06-24 23:06:17,122 [INFO ] xml.XmlBeanDefinitionReader - Loading XML bean definitions from class path resource [META-INF/spring-services.xml]
2013-06-24 23:06:17,124 [DEBUG] xml.DefaultDocumentLoader - Using JAXP provider [com.sun.org.apache.xerces.internal.jaxp.DocumentBuilderFactoryImpl]
2013-06-24 23:06:17,129 [DEBUG] xml.PluggableSchemaResolver - Found XML schema [http://www.springframework.org/schema/beans/spring-beans-3.0.xsd] in classpath: org/springframework/beans/factory/xml/spring-beans-3.0.xsd
2013-06-24 23:06:17,180 [DEBUG] xml.DefaultBeanDefinitionDocumentReader - Loading bean definitions
2013-06-24 23:06:17,202 [DEBUG] xml.DefaultBeanDefinitionDocumentReader - Imported 1 bean definitions from relative location [spring-services.xml]
2013-06-24 23:06:17,203 [INFO ] xml.XmlBeanDefinitionReader - Loading XML bean definitions from class path resource [META-INF/spring-dao.xml]
2013-06-24 23:06:17,206 [DEBUG] xml.DefaultDocumentLoader - Using JAXP provider [com.sun.org.apache.xerces.internal.jaxp.DocumentBuilderFactoryImpl]
2013-06-24 23:06:17,209 [DEBUG] xml.PluggableSchemaResolver - Found XML schema [http://www.springframework.org/schema/beans/spring-beans-3.0.xsd] in classpath: org/springframework/beans/factory/xml/spring-beans-3.0.xsd
2013-06-24 23:06:17,256 [DEBUG] xml.DefaultBeanDefinitionDocumentReader - Loading bean definitions
2013-06-24 23:06:17,257 [DEBUG] xml.DefaultBeanDefinitionDocumentReader - Imported 1 bean definitions from relative location [spring-dao.xml]
2013-06-24 23:06:17,258 [DEBUG] xml.XmlBeanDefinitionReader - Loaded 2 bean definitions from location pattern [META-INF/applicationContext.xml]
2013-06-24 23:06:17,258 [DEBUG] support.ClassPathXmlApplicationContext - Bean factory for org.springframework.context.support.ClassPathXmlApplicationContext@31dbfb7a: org.springframework.beans.factory.support.DefaultListableBeanFactory@5bf7b707: defining beans [proveedorServices,proveedorDao]; root of factory hierarchy
2013-06-24 23:06:17,307 [DEBUG] support.ClassPathXmlApplicationContext - Unable to locate MessageSource with name 'messageSource': using default [org.springframework.context.support.DelegatingMessageSource@36150c02]
2013-06-24 23:06:17,312 [DEBUG] support.ClassPathXmlApplicationContext - Unable to locate ApplicationEventMulticaster with name 'applicationEventMulticaster': using default [org.springframework.context.event.SimpleApplicationEventMulticaster@19e8435f]
2013-06-24 23:06:17,313 [INFO ] support.DefaultListableBeanFactory - Pre-instantiating singletons in org.springframework.beans.factory.support.DefaultListableBeanFactory@5bf7b707: defining beans [proveedorServices,proveedorDao]; root of factory hierarchy
2013-06-24 23:06:17,314 [DEBUG] support.DefaultListableBeanFactory - Creating shared instance of singleton bean 'proveedorServices'
2013-06-24 23:06:17,315 [DEBUG] support.DefaultListableBeanFactory - Creating instance of bean 'proveedorServices'
2013-06-24 23:06:17,343 [DEBUG] support.DefaultListableBeanFactory - Eagerly caching bean 'proveedorServices' to allow for resolving potential circular references
2013-06-24 23:06:17,364 [DEBUG] support.DefaultListableBeanFactory - Creating shared instance of singleton bean 'proveedorDao'
2013-06-24 23:06:17,364 [DEBUG] support.DefaultListableBeanFactory - Creating instance of bean 'proveedorDao'
2013-06-24 23:06:17,365 [INFO ] util.JPAUtil - Creando EntityManagerFactory...
2013-06-24 23:06:18,400 [INFO ] util.JPAUtil - Creando EntityManager...
2013-06-24 23:06:20,132 [DEBUG] support.DefaultListableBeanFactory - Eagerly caching bean 'proveedorDao' to allow for resolving potential circular references
2013-06-24 23:06:20,132 [DEBUG] support.DefaultListableBeanFactory - Finished creating instance of bean 'proveedorDao'
2013-06-24 23:06:20,151 [DEBUG] support.DefaultListableBeanFactory - Finished creating instance of bean 'proveedorServices'
2013-06-24 23:06:20,152 [DEBUG] support.DefaultListableBeanFactory - Returning cached instance of singleton bean 'proveedorDao'
2013-06-24 23:06:20,153 [DEBUG] support.ClassPathXmlApplicationContext - Unable to locate LifecycleProcessor with name 'lifecycleProcessor': using default [org.springframework.context.support.DefaultLifecycleProcessor@51906f12]
2013-06-24 23:06:20,154 [DEBUG] support.DefaultListableBeanFactory - Returning cached instance of singleton bean 'lifecycleProcessor'
2013-06-24 23:06:20,155 [DEBUG] support.DefaultListableBeanFactory - Returning cached instance of singleton bean 'proveedorServices'
2013-06-24 23:16:11,847 [DEBUG] env.StandardEnvironment - Initializing new StandardEnvironment
2013-06-24 23:16:11,856 [DEBUG] env.StandardEnvironment - Adding [systemProperties] PropertySource with lowest search precedence
2013-06-24 23:16:11,857 [DEBUG] env.StandardEnvironment - Adding [systemEnvironment] PropertySource with lowest search precedence
2013-06-24 23:16:11,857 [DEBUG] env.StandardEnvironment - Initialized StandardEnvironment with PropertySources [systemProperties,systemEnvironment]
2013-06-24 23:16:11,871 [INFO ] support.ClassPathXmlApplicationContext - Refreshing org.springframework.context.support.ClassPathXmlApplicationContext@159fdae5: startup date [Mon Jun 24 23:16:11 COT 2013]; root of context hierarchy
2013-06-24 23:16:11,970 [DEBUG] env.StandardEnvironment - Initializing new StandardEnvironment
2013-06-24 23:16:11,971 [DEBUG] env.StandardEnvironment - Adding [systemProperties] PropertySource with lowest search precedence
2013-06-24 23:16:11,971 [DEBUG] env.StandardEnvironment - Adding [systemEnvironment] PropertySource with lowest search precedence
2013-06-24 23:16:11,971 [DEBUG] env.StandardEnvironment - Initialized StandardEnvironment with PropertySources [systemProperties,systemEnvironment]
2013-06-24 23:16:11,973 [DEBUG] env.StandardEnvironment - Initializing new StandardEnvironment
2013-06-24 23:16:11,974 [DEBUG] env.StandardEnvironment - Adding [systemProperties] PropertySource with lowest search precedence
2013-06-24 23:16:11,974 [DEBUG] env.StandardEnvironment - Adding [systemEnvironment] PropertySource with lowest search precedence
2013-06-24 23:16:11,975 [DEBUG] env.StandardEnvironment - Initialized StandardEnvironment with PropertySources [systemProperties,systemEnvironment]
2013-06-24 23:16:12,006 [INFO ] xml.XmlBeanDefinitionReader - Loading XML bean definitions from class path resource [META-INF/applicationContext.xml]
2013-06-24 23:16:12,046 [DEBUG] xml.DefaultDocumentLoader - Using JAXP provider [com.sun.org.apache.xerces.internal.jaxp.DocumentBuilderFactoryImpl]
2013-06-24 23:16:12,134 [DEBUG] xml.PluggableSchemaResolver - Loading schema mappings from [META-INF/spring.schemas]
2013-06-24 23:16:12,143 [DEBUG] xml.PluggableSchemaResolver - Loaded schema mappings: {http://www.springframework.org/schema/util/spring-util.xsd=org/springframework/beans/factory/xml/spring-util-3.1.xsd, http://www.springframework.org/schema/beans/spring-beans-3.1.xsd=org/springframework/beans/factory/xml/spring-beans-3.1.xsd, http://www.springframework.org/schema/task/spring-task.xsd=org/springframework/scheduling/config/spring-task-3.1.xsd, http://www.springframework.org/schema/cache/spring-cache.xsd=org/springframework/cache/config/spring-cache-3.1.xsd, http://www.springframework.org/schema/aop/spring-aop-3.0.xsd=org/springframework/aop/config/spring-aop-3.0.xsd, http://www.springframework.org/schema/task/spring-task-3.1.xsd=org/springframework/scheduling/config/spring-task-3.1.xsd, http://www.springframework.org/schema/aop/spring-aop-2.0.xsd=org/springframework/aop/config/spring-aop-2.0.xsd, http://www.springframework.org/schema/tool/spring-tool-2.5.xsd=org/springframework/beans/factory/xml/spring-tool-2.5.xsd, http://www.springframework.org/schema/beans/spring-beans.xsd=org/springframework/beans/factory/xml/spring-beans-3.1.xsd, http://www.springframework.org/schema/jee/spring-jee-2.5.xsd=org/springframework/ejb/config/spring-jee-2.5.xsd, http://www.springframework.org/schema/tool/spring-tool-3.1.xsd=org/springframework/beans/factory/xml/spring-tool-3.1.xsd, http://www.springframework.org/schema/jee/spring-jee-3.1.xsd=org/springframework/ejb/config/spring-jee-3.1.xsd, http://www.springframework.org/schema/aop/spring-aop.xsd=org/springframework/aop/config/spring-aop-3.1.xsd, http://www.springframework.org/schema/beans/spring-beans-2.0.xsd=org/springframework/beans/factory/xml/spring-beans-2.0.xsd, http://www.springframework.org/schema/beans/spring-beans-3.0.xsd=org/springframework/beans/factory/xml/spring-beans-3.0.xsd, http://www.springframework.org/schema/task/spring-task-3.0.xsd=org/springframework/scheduling/config/spring-task-3.0.xsd, http://www.springframework.org/schema/context/spring-context-2.5.xsd=org/springframework/context/config/spring-context-2.5.xsd, http://www.springframework.org/schema/tool/spring-tool-3.0.xsd=org/springframework/beans/factory/xml/spring-tool-3.0.xsd, http://www.springframework.org/schema/util/spring-util-2.5.xsd=org/springframework/beans/factory/xml/spring-util-2.5.xsd, http://www.springframework.org/schema/tool/spring-tool-2.0.xsd=org/springframework/beans/factory/xml/spring-tool-2.0.xsd, http://www.springframework.org/schema/lang/spring-lang.xsd=org/springframework/scripting/config/spring-lang-3.1.xsd, http://www.springframework.org/schema/lang/spring-lang-2.5.xsd=org/springframework/scripting/config/spring-lang-2.5.xsd, http://www.springframework.org/schema/jee/spring-jee-3.0.xsd=org/springframework/ejb/config/spring-jee-3.0.xsd, http://www.springframework.org/schema/jee/spring-jee-2.0.xsd=org/springframework/ejb/config/spring-jee-2.0.xsd, http://www.springframework.org/schema/context/spring-context-3.1.xsd=org/springframework/context/config/spring-context-3.1.xsd, http://www.springframework.org/schema/util/spring-util-3.1.xsd=org/springframework/beans/factory/xml/spring-util-3.1.xsd, http://www.springframework.org/schema/lang/spring-lang-3.1.xsd=org/springframework/scripting/config/spring-lang-3.1.xsd, http://www.springframework.org/schema/cache/spring-cache-3.1.xsd=org/springframework/cache/config/spring-cache-3.1.xsd, http://www.springframework.org/schema/context/spring-context.xsd=org/springframework/context/config/spring-context-3.1.xsd, http://www.springframework.org/schema/jee/spring-jee.xsd=org/springframework/ejb/config/spring-jee-3.1.xsd, http://www.springframework.org/schema/aop/spring-aop-2.5.xsd=org/springframework/aop/config/spring-aop-2.5.xsd, http://www.springframework.org/schema/aop/spring-aop-3.1.xsd=org/springframework/aop/config/spring-aop-3.1.xsd, http://www.springframework.org/schema/context/spring-context-3.0.xsd=org/springframework/context/config/spring-context-3.0.xsd, http://www.springframework.org/schema/tool/spring-tool.xsd=org/springframework/beans/factory/xml/spring-tool-3.1.xsd, http://www.springframework.org/schema/util/spring-util-3.0.xsd=org/springframework/beans/factory/xml/spring-util-3.0.xsd, http://www.springframework.org/schema/lang/spring-lang-3.0.xsd=org/springframework/scripting/config/spring-lang-3.0.xsd, http://www.springframework.org/schema/util/spring-util-2.0.xsd=org/springframework/beans/factory/xml/spring-util-2.0.xsd, http://www.springframework.org/schema/lang/spring-lang-2.0.xsd=org/springframework/scripting/config/spring-lang-2.0.xsd, http://www.springframework.org/schema/beans/spring-beans-2.5.xsd=org/springframework/beans/factory/xml/spring-beans-2.5.xsd}
2013-06-24 23:16:12,146 [DEBUG] xml.PluggableSchemaResolver - Found XML schema [http://www.springframework.org/schema/beans/spring-beans-3.0.xsd] in classpath: org/springframework/beans/factory/xml/spring-beans-3.0.xsd
2013-06-24 23:16:12,305 [DEBUG] xml.DefaultBeanDefinitionDocumentReader - Loading bean definitions
2013-06-24 23:16:12,331 [INFO ] xml.XmlBeanDefinitionReader - Loading XML bean definitions from class path resource [META-INF/spring-services.xml]
2013-06-24 23:16:12,334 [DEBUG] xml.DefaultDocumentLoader - Using JAXP provider [com.sun.org.apache.xerces.internal.jaxp.DocumentBuilderFactoryImpl]
2013-06-24 23:16:12,339 [DEBUG] xml.PluggableSchemaResolver - Found XML schema [http://www.springframework.org/schema/beans/spring-beans-3.0.xsd] in classpath: org/springframework/beans/factory/xml/spring-beans-3.0.xsd
2013-06-24 23:16:12,397 [DEBUG] xml.DefaultBeanDefinitionDocumentReader - Loading bean definitions
2013-06-24 23:16:12,415 [DEBUG] xml.DefaultBeanDefinitionDocumentReader - Imported 1 bean definitions from relative location [spring-services.xml]
2013-06-24 23:16:12,416 [INFO ] xml.XmlBeanDefinitionReader - Loading XML bean definitions from class path resource [META-INF/spring-dao.xml]
2013-06-24 23:16:12,419 [DEBUG] xml.DefaultDocumentLoader - Using JAXP provider [com.sun.org.apache.xerces.internal.jaxp.DocumentBuilderFactoryImpl]
2013-06-24 23:16:12,423 [DEBUG] xml.PluggableSchemaResolver - Found XML schema [http://www.springframework.org/schema/beans/spring-beans-3.0.xsd] in classpath: org/springframework/beans/factory/xml/spring-beans-3.0.xsd
2013-06-24 23:16:12,467 [DEBUG] xml.DefaultBeanDefinitionDocumentReader - Loading bean definitions
2013-06-24 23:16:12,468 [DEBUG] xml.DefaultBeanDefinitionDocumentReader - Imported 1 bean definitions from relative location [spring-dao.xml]
2013-06-24 23:16:12,468 [DEBUG] xml.XmlBeanDefinitionReader - Loaded 2 bean definitions from location pattern [META-INF/applicationContext.xml]
2013-06-24 23:16:12,469 [DEBUG] support.ClassPathXmlApplicationContext - Bean factory for org.springframework.context.support.ClassPathXmlApplicationContext@159fdae5: org.springframework.beans.factory.support.DefaultListableBeanFactory@5bf7b707: defining beans [proveedorServices,proveedorDao]; root of factory hierarchy
2013-06-24 23:16:12,514 [DEBUG] support.ClassPathXmlApplicationContext - Unable to locate MessageSource with name 'messageSource': using default [org.springframework.context.support.DelegatingMessageSource@36150c02]
2013-06-24 23:16:12,519 [DEBUG] support.ClassPathXmlApplicationContext - Unable to locate ApplicationEventMulticaster with name 'applicationEventMulticaster': using default [org.springframework.context.event.SimpleApplicationEventMulticaster@19e8435f]
2013-06-24 23:16:12,520 [INFO ] support.DefaultListableBeanFactory - Pre-instantiating singletons in org.springframework.beans.factory.support.DefaultListableBeanFactory@5bf7b707: defining beans [proveedorServices,proveedorDao]; root of factory hierarchy
2013-06-24 23:16:12,521 [DEBUG] support.DefaultListableBeanFactory - Creating shared instance of singleton bean 'proveedorServices'
2013-06-24 23:16:12,521 [DEBUG] support.DefaultListableBeanFactory - Creating instance of bean 'proveedorServices'
2013-06-24 23:16:12,555 [DEBUG] support.DefaultListableBeanFactory - Eagerly caching bean 'proveedorServices' to allow for resolving potential circular references
2013-06-24 23:16:12,582 [DEBUG] support.DefaultListableBeanFactory - Creating shared instance of singleton bean 'proveedorDao'
2013-06-24 23:16:12,582 [DEBUG] support.DefaultListableBeanFactory - Creating instance of bean 'proveedorDao'
2013-06-24 23:16:12,584 [INFO ] util.JPAUtil - Creando EntityManagerFactory...
2013-06-24 23:16:13,667 [INFO ] util.JPAUtil - Creando EntityManager...
2013-06-24 23:16:15,581 [DEBUG] support.DefaultListableBeanFactory - Eagerly caching bean 'proveedorDao' to allow for resolving potential circular references
2013-06-24 23:16:15,583 [DEBUG] support.DefaultListableBeanFactory - Finished creating instance of bean 'proveedorDao'
2013-06-24 23:16:15,622 [DEBUG] support.DefaultListableBeanFactory - Finished creating instance of bean 'proveedorServices'
2013-06-24 23:16:15,624 [DEBUG] support.DefaultListableBeanFactory - Returning cached instance of singleton bean 'proveedorDao'
2013-06-24 23:16:15,629 [DEBUG] support.ClassPathXmlApplicationContext - Unable to locate LifecycleProcessor with name 'lifecycleProcessor': using default [org.springframework.context.support.DefaultLifecycleProcessor@51906f12]
2013-06-24 23:16:15,633 [DEBUG] support.DefaultListableBeanFactory - Returning cached instance of singleton bean 'lifecycleProcessor'
2013-06-24 23:16:15,637 [DEBUG] support.DefaultListableBeanFactory - Returning cached instance of singleton bean 'proveedorServices'
2013-06-24 23:16:17,150 [INFO ] view.frmProveedor - GENERANDO UNA TRAZA...
2013-06-24 23:28:05,700 [INFO ] support.ClassPathXmlApplicationContext - Refreshing org.springframework.context.support.ClassPathXmlApplicationContext@73b9e0f5: startup date [Mon Jun 24 23:28:05 COT 2013]; root of context hierarchy
2013-06-24 23:28:05,806 [INFO ] xml.XmlBeanDefinitionReader - Loading XML bean definitions from class path resource [META-INF/applicationContext.xml]
2013-06-24 23:28:06,094 [INFO ] xml.XmlBeanDefinitionReader - Loading XML bean definitions from class path resource [META-INF/spring-services.xml]
2013-06-24 23:28:06,159 [INFO ] xml.XmlBeanDefinitionReader - Loading XML bean definitions from class path resource [META-INF/spring-dao.xml]
2013-06-24 23:28:06,250 [INFO ] support.DefaultListableBeanFactory - Pre-instantiating singletons in org.springframework.beans.factory.support.DefaultListableBeanFactory@2753d864: defining beans [proveedorServices,proveedorDao]; root of factory hierarchy
2013-06-24 23:28:06,297 [INFO ] util.JPAUtil - Creando EntityManagerFactory...
2013-06-24 23:28:07,349 [INFO ] util.JPAUtil - Creando EntityManager...
2013-06-24 23:28:13,230 [INFO ] view.frmProveedor - GENERANDO UNA TRAZA...
2013-06-24 23:46:18,950 [INFO ] support.ClassPathXmlApplicationContext - Refreshing org.springframework.context.support.ClassPathXmlApplicationContext@3586a6d2: startup date [Mon Jun 24 23:46:18 COT 2013]; root of context hierarchy
2013-06-24 23:46:19,085 [INFO ] xml.XmlBeanDefinitionReader - Loading XML bean definitions from class path resource [META-INF/applicationContext.xml]
2013-06-24 23:46:19,355 [INFO ] xml.XmlBeanDefinitionReader - Loading XML bean definitions from class path resource [META-INF/spring-services.xml]
2013-06-24 23:46:19,428 [INFO ] xml.XmlBeanDefinitionReader - Loading XML bean definitions from class path resource [META-INF/spring-dao.xml]
2013-06-24 23:46:19,530 [INFO ] support.DefaultListableBeanFactory - Pre-instantiating singletons in org.springframework.beans.factory.support.DefaultListableBeanFactory@29c8b698: defining beans [proveedorServices,proveedorDao]; root of factory hierarchy
2013-06-24 23:46:19,587 [INFO ] util.JPAUtil - Creando EntityManagerFactory...
2013-06-24 23:46:20,495 [INFO ] util.JPAUtil - Creando EntityManager...
2013-06-24 23:46:39,639 [INFO ] view.frmProveedor - GENERANDO UNA TRAZA...
2013-06-24 23:47:13,006 [INFO ] support.ClassPathXmlApplicationContext - Refreshing org.springframework.context.support.ClassPathXmlApplicationContext@3586a6d2: startup date [Mon Jun 24 23:47:12 COT 2013]; root of context hierarchy
2013-06-24 23:47:13,126 [INFO ] xml.XmlBeanDefinitionReader - Loading XML bean definitions from class path resource [META-INF/applicationContext.xml]
2013-06-24 23:47:13,476 [INFO ] xml.XmlBeanDefinitionReader - Loading XML bean definitions from class path resource [META-INF/spring-services.xml]
2013-06-24 23:47:13,553 [INFO ] xml.XmlBeanDefinitionReader - Loading XML bean definitions from class path resource [META-INF/spring-dao.xml]
2013-06-24 23:47:13,651 [INFO ] support.DefaultListableBeanFactory - Pre-instantiating singletons in org.springframework.beans.factory.support.DefaultListableBeanFactory@484ebeae: defining beans [proveedorServices,proveedorDao]; root of factory hierarchy
2013-06-24 23:47:13,708 [INFO ] util.JPAUtil - Creando EntityManagerFactory...
2013-06-24 23:47:14,664 [INFO ] util.JPAUtil - Creando EntityManager...
2013-06-24 23:47:57,606 [INFO ] view.frmProveedor - GENERANDO UNA TRAZA...
2013-06-25 00:20:09,578 [INFO ] support.ClassPathXmlApplicationContext - Refreshing org.springframework.context.support.ClassPathXmlApplicationContext@71c5eff4: startup date [Tue Jun 25 00:20:09 COT 2013]; root of context hierarchy
2013-06-25 00:20:09,692 [INFO ] xml.XmlBeanDefinitionReader - Loading XML bean definitions from class path resource [META-INF/applicationContext.xml]
2013-06-25 00:20:09,987 [INFO ] xml.XmlBeanDefinitionReader - Loading XML bean definitions from class path resource [META-INF/spring-services.xml]
2013-06-25 00:20:10,061 [INFO ] xml.XmlBeanDefinitionReader - Loading XML bean definitions from class path resource [META-INF/spring-dao.xml]
2013-06-25 00:20:10,176 [INFO ] support.DefaultListableBeanFactory - Pre-instantiating singletons in org.springframework.beans.factory.support.DefaultListableBeanFactory@3971e183: defining beans [proveedorServices,ubigeoServices,proveedorDao,ubigeoDao]; root of factory hierarchy
2013-06-25 00:20:10,233 [INFO ] util.JPAUtil - Creando EntityManagerFactory...
2013-06-25 00:20:11,073 [INFO ] util.JPAUtil - Creando EntityManager...
2013-06-25 00:20:13,250 [INFO ] util.JPAUtil - Creando EntityManager...
2013-06-25 00:20:53,499 [INFO ] support.ClassPathXmlApplicationContext - Refreshing org.springframework.context.support.ClassPathXmlApplicationContext@10463704: startup date [Tue Jun 25 00:20:53 COT 2013]; root of context hierarchy
2013-06-25 00:20:53,611 [INFO ] xml.XmlBeanDefinitionReader - Loading XML bean definitions from class path resource [META-INF/applicationContext.xml]
2013-06-25 00:20:53,897 [INFO ] xml.XmlBeanDefinitionReader - Loading XML bean definitions from class path resource [META-INF/spring-services.xml]
2013-06-25 00:20:53,973 [INFO ] xml.XmlBeanDefinitionReader - Loading XML bean definitions from class path resource [META-INF/spring-dao.xml]
2013-06-25 00:20:54,084 [INFO ] support.DefaultListableBeanFactory - Pre-instantiating singletons in org.springframework.beans.factory.support.DefaultListableBeanFactory@694043b3: defining beans [proveedorServices,ubigeoServices,proveedorDao,ubigeoDao]; root of factory hierarchy
2013-06-25 00:20:54,133 [INFO ] util.JPAUtil - Creando EntityManagerFactory...
2013-06-25 00:20:54,993 [INFO ] util.JPAUtil - Creando EntityManager...
2013-06-25 00:20:56,629 [INFO ] util.JPAUtil - Creando EntityManager...
2013-06-25 00:22:15,188 [INFO ] support.ClassPathXmlApplicationContext - Refreshing org.springframework.context.support.ClassPathXmlApplicationContext@71c5eff4: startup date [Tue Jun 25 00:22:15 COT 2013]; root of context hierarchy
2013-06-25 00:22:15,306 [INFO ] xml.XmlBeanDefinitionReader - Loading XML bean definitions from class path resource [META-INF/applicationContext.xml]
2013-06-25 00:22:15,638 [INFO ] xml.XmlBeanDefinitionReader - Loading XML bean definitions from class path resource [META-INF/spring-services.xml]
2013-06-25 00:22:15,701 [INFO ] xml.XmlBeanDefinitionReader - Loading XML bean definitions from class path resource [META-INF/spring-dao.xml]
2013-06-25 00:22:15,808 [INFO ] support.DefaultListableBeanFactory - Pre-instantiating singletons in org.springframework.beans.factory.support.DefaultListableBeanFactory@3971e183: defining beans [proveedorServices,ubigeoServices,proveedorDao,ubigeoDao]; root of factory hierarchy
2013-06-25 00:22:15,864 [INFO ] util.JPAUtil - Creando EntityManagerFactory...
2013-06-25 00:22:16,925 [INFO ] util.JPAUtil - Creando EntityManager...
2013-06-25 00:22:19,282 [INFO ] util.JPAUtil - Creando EntityManager...
2013-06-29 13:53:06,950 [INFO ] lookandfeel.MyLookAndFeel - Seteando LookAndFeel ==> AcrylLookAndFeel
2013-06-29 14:03:45,294 [INFO ] lookandfeel.MyLookAndFeel - Seteando LookAndFeel ==> AcrylLookAndFeel
2013-06-29 14:03:45,911 [INFO ] support.ClassPathXmlApplicationContext - Refreshing org.springframework.context.support.ClassPathXmlApplicationContext@34902478: startup date [Sat Jun 29 14:03:45 COT 2013]; root of context hierarchy
2013-06-29 14:03:46,045 [INFO ] xml.XmlBeanDefinitionReader - Loading XML bean definitions from class path resource [META-INF/applicationContext.xml]
2013-06-29 14:03:46,375 [INFO ] xml.XmlBeanDefinitionReader - Loading XML bean definitions from class path resource [META-INF/spring-services.xml]
2013-06-29 14:03:46,469 [INFO ] xml.XmlBeanDefinitionReader - Loading XML bean definitions from class path resource [META-INF/spring-dao.xml]
2013-06-29 14:03:46,597 [INFO ] support.DefaultListableBeanFactory - Pre-instantiating singletons in org.springframework.beans.factory.support.DefaultListableBeanFactory@38e993ad: defining beans [proveedorServices,ubigeoServices,proveedorDao,ubigeoDao]; root of factory hierarchy
2013-06-29 14:03:46,662 [INFO ] util.JPAUtil - Creando EntityManagerFactory...
2013-06-29 14:03:47,616 [INFO ] util.JPAUtil - Creando EntityManager...
2013-06-29 14:03:50,206 [INFO ] util.JPAUtil - Creando EntityManager...
2013-06-29 14:05:17,947 [INFO ] lookandfeel.MyLookAndFeel - Seteando LookAndFeel ==> AcrylLookAndFeel
2013-06-29 14:05:18,691 [INFO ] support.ClassPathXmlApplicationContext - Refreshing org.springframework.context.support.ClassPathXmlApplicationContext@724f4508: startup date [Sat Jun 29 14:05:18 COT 2013]; root of context hierarchy
2013-06-29 14:05:18,839 [INFO ] xml.XmlBeanDefinitionReader - Loading XML bean definitions from class path resource [META-INF/applicationContext.xml]
2013-06-29 14:05:19,185 [INFO ] xml.XmlBeanDefinitionReader - Loading XML bean definitions from class path resource [META-INF/spring-services.xml]
2013-06-29 14:05:19,281 [INFO ] xml.XmlBeanDefinitionReader - Loading XML bean definitions from class path resource [META-INF/spring-dao.xml]
2013-06-29 14:05:19,423 [INFO ] support.DefaultListableBeanFactory - Pre-instantiating singletons in org.springframework.beans.factory.support.DefaultListableBeanFactory@7ea9acff: defining beans [proveedorServices,ubigeoServices,proveedorDao,ubigeoDao]; root of factory hierarchy
2013-06-29 14:05:19,484 [INFO ] util.JPAUtil - Creando EntityManagerFactory...
2013-06-29 14:05:20,661 [INFO ] util.JPAUtil - Creando EntityManager...
2013-06-29 14:05:22,828 [INFO ] util.JPAUtil - Creando EntityManager...
